2024.05.16 15:29:22 INFO  Started: Metals version 1.3.0 in folders 'C:\Users\ewanr\Documents\Informatique\Exercices\Projets\PRO2\tp4' for client Visual Studio Code 1.89.1.
SLF4J: Class path contains multiple SLF4J providers.
SLF4J: Found provider [scribe.slf4j.ScribeServiceProvider@3b265783]
SLF4J: Found provider [ch.qos.logback.classic.spi.LogbackServiceProvider@6e8ebf7c]
SLF4J: See https://www.slf4j.org/codes.html#multiple_bindings for an explanation.
SLF4J: Actual provider is of type [scribe.slf4j.ScribeServiceProvider@3b265783]
2024.05.16 15:29:22 WARN  Flyway upgrade recommended: H2 2.2.224 is newer than this version of Flyway and support has not been tested. The latest supported version of H2 is 2.2.220.
2024.05.16 15:29:23 INFO  Attempting to connect to the build server...
2024.05.16 15:29:23 INFO  tracing is disabled for protocol BSP, to enable tracing of incoming and outgoing JSON messages create an empty file at C:\Users\ewanr\Documents\Informatique\Exercices\Projets\PRO2\tp4\.metals\bsp.trace.json or C:\Users\ewanr\AppData\Local\scalameta\metals\cache\bsp.trace.json
2024.05.16 15:29:23 INFO  time: Connected to build server in 0.4s
2024.05.16 15:29:23 INFO  Connected to Build server: Bloop v1.5.17
2024.05.16 15:29:23 INFO  time: Imported build in 0.24s
2024.05.16 15:29:25 INFO  time: indexed workspace in 2.02s
2024.05.16 15:29:25 WARN  no build target for: C:\Users\ewanr\Documents\Informatique\Exercices\Projets\PRO2\tp4\src\main\scala\main.scala
2024.05.16 15:29:30 INFO  running 'C:\Program Files\Java\jdk-21\bin\java.exe -Djline.terminal=jline.UnsupportedTerminal -Dsbt.log.noformat=true -Dfile.encoding=UTF-8 -jar C:\Users\ewanr\AppData\Local\Temp\metals11668927348504280108\sbt-launch.jar -Dbloop.export-jar-classifiers=sources bloopInstall'
2024.05.16 15:29:33 INFO  [info] welcome to sbt 1.9.2 (Oracle Corporation Java 21.0.2)
2024.05.16 15:29:36 INFO  [info] loading settings for project tp4-build-build-build from metals.sbt ...
2024.05.16 15:29:37 INFO  [info] loading project definition from C:\Users\ewanr\Documents\Informatique\Exercices\Projets\PRO2\tp4\project\project\project
2024.05.16 15:29:42 INFO  no build target found for C:\Users\ewanr\Documents\Informatique\Exercices\Projets\PRO2\tp4\src\main\scala\main.scala. Using presentation compiler with project's scala-library version: 3.3.3
2024.05.16 15:29:42 INFO  [info] loading settings for project tp4-build-build from metals.sbt ...
2024.05.16 15:29:42 INFO  [info] loading project definition from C:\Users\ewanr\Documents\Informatique\Exercices\Projets\PRO2\tp4\project\project
2024.05.16 15:29:46 INFO  [success] Generated .bloop\tp4-build-build.json
2024.05.16 15:29:47 INFO  [warn] Removed stale C:\Users\ewanr\Documents\Informatique\Exercices\Projets\PRO2\tp4\project\project\.bloop\tp1-build-build.json
2024.05.16 15:29:47 INFO  [success] Total time: 5 s, completed 16 mai 2024, 15:29:47
2024.05.16 15:29:47 INFO  [info] loading settings for project tp4-build from metals.sbt,plugins.sbt ...
2024.05.16 15:29:48 INFO  [info] loading project definition from C:\Users\ewanr\Documents\Informatique\Exercices\Projets\PRO2\tp4\project
mai 16, 2024 3:29:49 PM org.eclipse.lsp4j.jsonrpc.RemoteEndpoint handleCancellation
WARNING: Unmatched cancel notification for request id 13
2024.05.16 15:29:51 INFO  [success] Generated .bloop\tp4-build.json
2024.05.16 15:29:51 INFO  [warn] Removed stale C:\Users\ewanr\Documents\Informatique\Exercices\Projets\PRO2\tp4\project\.bloop\tp1-build.json
2024.05.16 15:29:51 INFO  [success] Total time: 3 s, completed 16 mai 2024, 15:29:51
2024.05.16 15:29:53 INFO  [info] loading settings for project tp4 from build.sbt ...
2024.05.16 15:29:53 INFO  [info] set current project to tp4 (in build file:/C:/Users/ewanr/Documents/Informatique/Exercices/Projets/PRO2/tp4/)
2024.05.16 15:29:54 INFO  [success] Generated .bloop\tp4.json
2024.05.16 15:29:54 INFO  [success] Generated .bloop\tp4-test.json
2024.05.16 15:29:54 INFO  [success] Total time: 1 s, completed 16 mai 2024, 15:29:54
2024.05.16 15:29:54 INFO  time: ran 'sbt bloopInstall' in 23s
2024.05.16 15:29:54 INFO  Disconnecting from Bloop session...
2024.05.16 15:29:54 INFO  Shut down connection with build server.
2024.05.16 15:29:54 INFO  Attempting to connect to the build server...
2024.05.16 15:29:54 INFO  tracing is disabled for protocol BSP, to enable tracing of incoming and outgoing JSON messages create an empty file at C:\Users\ewanr\Documents\Informatique\Exercices\Projets\PRO2\tp4\.metals\bsp.trace.json or C:\Users\ewanr\AppData\Local\scalameta\metals\cache\bsp.trace.json
2024.05.16 15:29:54 INFO  Attempting to connect to the build server...
2024.05.16 15:29:54 INFO  Attempting to connect to the build server...
2024.05.16 15:29:54 INFO  tracing is disabled for protocol BSP, to enable tracing of incoming and outgoing JSON messages create an empty file at C:\Users\ewanr\Documents\Informatique\Exercices\Projets\PRO2\tp4\project\.metals\bsp.trace.json or C:\Users\ewanr\AppData\Local\scalameta\metals\cache\bsp.trace.json
2024.05.16 15:29:54 INFO  tracing is disabled for protocol BSP, to enable tracing of incoming and outgoing JSON messages create an empty file at C:\Users\ewanr\Documents\Informatique\Exercices\Projets\PRO2\tp4\project\project\.metals\bsp.trace.json or C:\Users\ewanr\AppData\Local\scalameta\metals\cache\bsp.trace.json
2024.05.16 15:29:54 INFO  time: Connected to build server in 0.17s
2024.05.16 15:29:54 INFO  Connected to Build server: Bloop v1.5.17
2024.05.16 15:29:55 INFO  time: Imported build in 0.13s
2024.05.16 15:30:02 INFO  time: indexed workspace in 7.63s
2024.05.16 15:30:03 INFO  compiling tp4 (2 scala sources)
2024.05.16 15:30:14 INFO  time: compiled tp4 in 10s
mai 16, 2024 3:30:14 PM org.eclipse.lsp4j.jsonrpc.RemoteEndpoint handleCancellation
WARNING: Unmatched cancel notification for request id 25
mai 16, 2024 3:30:14 PM org.eclipse.lsp4j.jsonrpc.RemoteEndpoint handleCancellation
WARNING: Unmatched cancel notification for request id 27
mai 16, 2024 3:30:14 PM org.eclipse.lsp4j.jsonrpc.RemoteEndpoint handleCancellation
WARNING: Unmatched cancel notification for request id 26
mai 16, 2024 3:30:14 PM org.eclipse.lsp4j.jsonrpc.RemoteEndpoint handleCancellation
WARNING: Unmatched cancel notification for request id 29
mai 16, 2024 3:30:14 PM org.eclipse.lsp4j.jsonrpc.RemoteEndpoint handleCancellation
WARNING: Unmatched cancel notification for request id 28
mai 16, 2024 3:30:14 PM org.eclipse.lsp4j.jsonrpc.RemoteEndpoint handleCancellation
WARNING: Unmatched cancel notification for request id 32
mai 16, 2024 3:30:14 PM org.eclipse.lsp4j.jsonrpc.RemoteEndpoint handleCancellation
WARNING: Unmatched cancel notification for request id 34
mai 16, 2024 3:30:14 PM org.eclipse.lsp4j.jsonrpc.RemoteEndpoint handleCancellation
WARNING: Unmatched cancel notification for request id 41
2024.05.16 15:30:20 INFO  compiling tp4 (2 scala sources)
2024.05.16 15:30:20 INFO  time: compiled tp4 in 0.79s
2024.05.16 15:30:25 INFO  compiling tp4 (2 scala sources)
2024.05.16 15:30:28 INFO  time: compiled tp4 in 2.71s
2024.05.16 15:30:43 INFO  compiling tp4 (1 scala source)
2024.05.16 15:30:44 INFO  time: compiled tp4 in 1.66s
mai 16, 2024 3:31:12 PM org.eclipse.lsp4j.jsonrpc.RemoteEndpoint handleCancellation
WARNING: Unmatched cancel notification for request id 261
2024.05.16 15:31:13 INFO  compiling tp4 (1 scala source)
2024.05.16 15:31:13 INFO  time: compiled tp4 in 0.94s
2024.05.16 15:31:16 INFO  compiling tp4 (1 scala source)
2024.05.16 15:31:16 INFO  time: compiled tp4 in 0.69s
mai 16, 2024 3:31:41 PM org.eclipse.lsp4j.jsonrpc.RemoteEndpoint handleCancellation
WARNING: Unmatched cancel notification for request id 363
2024.05.16 15:31:41 INFO  compiling tp4 (1 scala source)
2024.05.16 15:31:41 INFO  time: compiled tp4 in 0.62s
mai 16, 2024 3:31:50 PM org.eclipse.lsp4j.jsonrpc.RemoteEndpoint handleCancellation
WARNING: Unmatched cancel notification for request id 380
2024.05.16 15:32:16 INFO  compiling tp4 (1 scala source)
mai 16, 2024 3:32:16 PM org.eclipse.lsp4j.jsonrpc.RemoteEndpoint handleCancellation
WARNING: Unmatched cancel notification for request id 451
2024.05.16 15:32:16 INFO  time: compiled tp4 in 0.69s
mai 16, 2024 3:33:03 PM org.eclipse.lsp4j.jsonrpc.RemoteEndpoint handleCancellation
WARNING: Unmatched cancel notification for request id 616
2024.05.16 15:33:11 INFO  compiling tp4 (1 scala source)
2024.05.16 15:33:11 INFO  time: compiled tp4 in 0.56s
2024.05.16 15:33:11 INFO  compiling tp4 (1 scala source)
2024.05.16 15:33:12 INFO  time: compiled tp4 in 0.56s
2024.05.16 15:33:16 INFO  compiling tp4-test (1 scala source)
2024.05.16 15:33:16 INFO  time: compiled tp4-test in 0.77s
mai 16, 2024 3:33:18 PM org.eclipse.lsp4j.jsonrpc.RemoteEndpoint handleCancellation
WARNING: Unmatched cancel notification for request id 747
2024.05.16 15:33:44 INFO  compiling tp4 (1 scala source)
2024.05.16 15:33:44 INFO  Deduplicating compilation of tp4 from bsp client 'Metals 1.3.0' (since 3m 49.328s)
2024.05.16 15:33:44 INFO  compiling tp4 (1 scala source)
mai 16, 2024 3:33:44 PM org.eclipse.lsp4j.jsonrpc.RemoteEndpoint handleCancellation
WARNING: Unmatched cancel notification for request id 795
mai 16, 2024 3:33:44 PM org.eclipse.lsp4j.jsonrpc.RemoteEndpoint handleCancellation
WARNING: Unmatched cancel notification for request id 796
mai 16, 2024 3:33:44 PM org.eclipse.lsp4j.jsonrpc.RemoteEndpoint handleCancellation
WARNING: Unmatched cancel notification for request id 797
2024.05.16 15:33:44 INFO  time: compiled tp4 in 0.72s
mai 16, 2024 3:33:49 PM org.eclipse.lsp4j.jsonrpc.RemoteEndpoint handleCancellation
WARNING: Unmatched cancel notification for request id 818
2024.05.16 15:33:52 INFO  compiling tp4 (1 scala source)
mai 16, 2024 3:33:53 PM org.eclipse.lsp4j.jsonrpc.RemoteEndpoint handleCancellation
WARNING: Unmatched cancel notification for request id 857
2024.05.16 15:33:52 INFO  time: compiled tp4 in 0.56s
mai 16, 2024 3:34:11 PM org.eclipse.lsp4j.jsonrpc.RemoteEndpoint handleCancellation
WARNING: Unmatched cancel notification for request id 893
mai 16, 2024 3:34:12 PM org.eclipse.lsp4j.jsonrpc.RemoteEndpoint handleCancellation
WARNING: Unmatched cancel notification for request id 899
2024.05.16 15:34:24 INFO  Deduplicating compilation of tp4 from bsp client 'Metals 1.3.0' (since 4m 29.488s)
2024.05.16 15:34:24 INFO  compiling tp4 (1 scala source)
2024.05.16 15:34:24 INFO  compiling tp4 (1 scala source)
2024.05.16 15:34:24 WARN  Using indexes to guess the definition of Image
2024.05.16 15:34:25 INFO  time: compiled tp4 in 1.04s
mai 16, 2024 3:34:33 PM org.eclipse.lsp4j.jsonrpc.RemoteEndpoint handleCancellation
WARNING: Unmatched cancel notification for request id 955
2024.05.16 15:34:33 INFO  Deduplicating compilation of tp4 from bsp client 'Metals 1.3.0' (since 4m 38.805s)
2024.05.16 15:34:33 INFO  compiling tp4 (1 scala source)
2024.05.16 15:34:33 INFO  compiling tp4 (1 scala source)
2024.05.16 15:34:33 WARN  Using indexes to guess the definition of Rectangle
2024.05.16 15:34:33 INFO  Report absolute-path: ### java.lang.IllegalArgumentException: Illegal character in opaque part at index 22: jar:file:///C:/Program Files/Java/jdk-21/lib/src.zip!/java.desktop/java/awt/Rectangle.java

Uri: jar:file:///C:/Program Files/Java/jdk-21/lib/src.zip!/java.desktop/java/awt/Rectangle.java


#### Error stacktrace:

```
java.base/java.net.URI.create(URI.java:932)
	scala.meta.internal.mtags.MtagsEnrichments$XtensionStringMtags.toAbsolutePath(MtagsEnrichments.scala:177)
	scala.meta.internal.metals.MetalsEnrichments$XtensionString.toAbsolutePath(MetalsEnrichments.scala:732)
	scala.meta.internal.metals.MetalsEnrichments$XtensionString.toAbsolutePath(MetalsEnrichments.scala:729)
	scala.meta.internal.metals.MetalsEnrichments$XtensionString.toAbsolutePathSafe(MetalsEnrichments.scala:715)
	scala.meta.internal.metals.WorkspaceLspService.getServiceFor(WorkspaceLspService.scala:262)
	scala.meta.internal.metals.WorkspaceLspService.executeCommand(WorkspaceLspService.scala:715)
	scala.meta.metals.lsp.DelegatingScalaService.executeCommand(DelegatingScalaService.scala:169)
	java.base/jdk.internal.reflect.DirectMethodHandleAccessor.invoke(DirectMethodHandleAccessor.java:103)
	java.base/java.lang.reflect.Method.invoke(Method.java:580)
	org.eclipse.lsp4j.jsonrpc.services.GenericEndpoint.lambda$null$0(GenericEndpoint.java:65)
	org.eclipse.lsp4j.jsonrpc.services.GenericEndpoint.request(GenericEndpoint.java:120)
	org.eclipse.lsp4j.jsonrpc.RemoteEndpoint.handleRequest(RemoteEndpoint.java:261)
	org.eclipse.lsp4j.jsonrpc.RemoteEndpoint.consume(RemoteEndpoint.java:190)
	org.eclipse.lsp4j.jsonrpc.json.StreamMessageProducer.handleMessage(StreamMessageProducer.java:194)
	org.eclipse.lsp4j.jsonrpc.json.StreamMessageProducer.listen(StreamMessageProducer.java:94)
	org.eclipse.lsp4j.jsonrpc.json.ConcurrentMessageProcessor.run(ConcurrentMessageProcessor.java:113)
	java.base/java.util.concurrent.Executors$RunnableAdapter.call(Executors.java:572)
	java.base/java.util.concurrent.FutureTask.run(FutureTask.java:317)
	java.base/java.util.concurrent.ThreadPoolExecutor.runWorker(ThreadPoolExecutor.java:1144)
	java.base/java.util.concurrent.ThreadPoolExecutor$Worker.run(ThreadPoolExecutor.java:642)
	java.base/java.lang.Thread.run(Thread.java:1583)
```

mai 16, 2024 3:34:33 PM org.eclipse.lsp4j.jsonrpc.RemoteEndpoint handleNotification
WARNING: Notification threw an exception: {
  "jsonrpc": "2.0",
  "method": "textDocument/didOpen",
  "params": {
    "textDocument": {
      "uri": "jar:file%3A///C%3A/Program%20Files/Java/jdk-21/lib/src.zip%21/java.desktop/java/awt/Rectangle.java",
      "languageId": "java",
      "version": 1,
      "text": "/*\n * Copyright (c) 1995, 2021, Oracle and/or its affiliates. All rights reserved.\n * ORACLE PROPRIETARY/CONFIDENTIAL. Use is subject to license terms.\n *\n *\n *\n *\n *\n *\n *\n *\n *\n *\n *\n *\n *\n *\n *\n *\n *\n *\n *\n *\n */\n\npackage java.awt;\n\nimport java.awt.geom.Rectangle2D;\nimport java.beans.Transient;\nimport java.io.Serial;\n\n/**\n * A {@code Rectangle} specifies an area in a coordinate space that is\n * enclosed by the {@code Rectangle} object\u0027s upper-left point\n * {@code (x,y)}\n * in the coordinate space, its width, and its height.\n * \u003cp\u003e\n * A {@code Rectangle} object\u0027s {@code width} and\n * {@code height} are {@code public} fields. The constructors\n * that create a {@code Rectangle}, and the methods that can modify\n * one, do not prevent setting a negative value for width or height.\n * \u003cp\u003e\n * \u003ca id\u003d\"Empty\"\u003e\n * A {@code Rectangle} whose width or height is exactly zero has location\n * along those axes with zero dimension, but is otherwise considered empty.\u003c/a\u003e\n * The {@link #isEmpty} method will return true for such a {@code Rectangle}.\n * Methods which test if an empty {@code Rectangle} contains or intersects\n * a point or rectangle will always return false if either dimension is zero.\n * Methods which combine such a {@code Rectangle} with a point or rectangle\n * will include the location of the {@code Rectangle} on that axis in the\n * result as if the {@link #add(Point)} method were being called.\n * \u003cp\u003e\n * \u003ca id\u003d\"NonExistent\"\u003e\n * A {@code Rectangle} whose width or height is negative has neither\n * location nor dimension along those axes with negative dimensions.\n * Such a {@code Rectangle} is treated as non-existent along those axes.\n * Such a {@code Rectangle} is also empty with respect to containment\n * calculations and methods which test if it contains or intersects a\n * point or rectangle will always return false.\n * Methods which combine such a {@code Rectangle} with a point or rectangle\n * will ignore the {@code Rectangle} entirely in generating the result.\n * If two {@code Rectangle} objects are combined and each has a negative\n * dimension, the result will have at least one negative dimension.\n * \u003c/a\u003e\n * \u003cp\u003e\n * Methods which affect only the location of a {@code Rectangle} will\n * operate on its location regardless of whether or not it has a negative\n * or zero dimension along either axis.\n * \u003cp\u003e\n * Note that a {@code Rectangle} constructed with the default no-argument\n * constructor will have dimensions of {@code 0x0} and therefore be empty.\n * That {@code Rectangle} will still have a location of {@code (0,0)} and\n * will contribute that location to the union and add operations.\n * Code attempting to accumulate the bounds of a set of points should\n * therefore initially construct the {@code Rectangle} with a specifically\n * negative width and height or it should use the first point in the set\n * to construct the {@code Rectangle}.\n * For example:\n * \u003cpre\u003e{@code\n *     Rectangle bounds \u003d new Rectangle(0, 0, -1, -1);\n *     for (int i \u003d 0; i \u003c points.length; i++) {\n *         bounds.add(points[i]);\n *     }\n * }\u003c/pre\u003e\n * or if we know that the points array contains at least one point:\n * \u003cpre\u003e{@code\n *     Rectangle bounds \u003d new Rectangle(points[0]);\n *     for (int i \u003d 1; i \u003c points.length; i++) {\n *         bounds.add(points[i]);\n *     }\n * }\u003c/pre\u003e\n * \u003cp\u003e\n * This class uses 32-bit integers to store its location and dimensions.\n * Frequently operations may produce a result that exceeds the range of\n * a 32-bit integer.\n * The methods will calculate their results in a way that avoids any\n * 32-bit overflow for intermediate results and then choose the best\n * representation to store the final results back into the 32-bit fields\n * which hold the location and dimensions.\n * The location of the result will be stored into the {@link #x} and\n * {@link #y} fields by clipping the true result to the nearest 32-bit value.\n * The values stored into the {@link #width} and {@link #height} dimension\n * fields will be chosen as the 32-bit values that encompass the largest\n * part of the true result as possible.\n * Generally this means that the dimension will be clipped independently\n * to the range of 32-bit integers except that if the location had to be\n * moved to store it into its pair of 32-bit fields then the dimensions\n * will be adjusted relative to the \"best representation\" of the location.\n * If the true result had a negative dimension and was therefore\n * non-existent along one or both axes, the stored dimensions will be\n * negative numbers in those axes.\n * If the true result had a location that could be represented within\n * the range of 32-bit integers, but zero dimension along one or both\n * axes, then the stored dimensions will be zero in those axes.\n *\n * @author      Sami Shaio\n * @since 1.0\n */\npublic class Rectangle extends Rectangle2D\n    implements Shape, java.io.Serializable\n{\n\n    /**\n     * The X coordinate of the upper-left corner of the {@code Rectangle}.\n     *\n     * @serial\n     * @see #setLocation(int, int)\n     * @see #getLocation()\n     * @since 1.0\n     */\n    public int x;\n\n    /**\n     * The Y coordinate of the upper-left corner of the {@code Rectangle}.\n     *\n     * @serial\n     * @see #setLocation(int, int)\n     * @see #getLocation()\n     * @since 1.0\n     */\n    public int y;\n\n    /**\n     * The width of the {@code Rectangle}.\n     * @serial\n     * @see #setSize(int, int)\n     * @see #getSize()\n     * @since 1.0\n     */\n    public int width;\n\n    /**\n     * The height of the {@code Rectangle}.\n     *\n     * @serial\n     * @see #setSize(int, int)\n     * @see #getSize()\n     * @since 1.0\n     */\n    public int height;\n\n    /**\n     * Use serialVersionUID from JDK 1.1 for interoperability.\n     */\n     @Serial\n     private static final long serialVersionUID \u003d -4345857070255674764L;\n\n    /**\n     * Initialize JNI field and method IDs\n     */\n    private static native void initIDs();\n\n    static {\n        /* ensure that the necessary native libraries are loaded */\n        Toolkit.loadLibraries();\n        if (!GraphicsEnvironment.isHeadless()) {\n            initIDs();\n        }\n    }\n\n    /**\n     * Constructs a new {@code Rectangle} whose upper-left corner\n     * is at (0,\u0026nbsp;0) in the coordinate space, and whose width and\n     * height are both zero.\n     */\n    public Rectangle() {\n        this(0, 0, 0, 0);\n    }\n\n    /**\n     * Constructs a new {@code Rectangle}, initialized to match\n     * the values of the specified {@code Rectangle}.\n     * @param r  the {@code Rectangle} from which to copy initial values\n     *           to a newly constructed {@code Rectangle}\n     * @since 1.1\n     */\n    public Rectangle(Rectangle r) {\n        this(r.x, r.y, r.width, r.height);\n    }\n\n    /**\n     * Constructs a new {@code Rectangle} whose upper-left corner is\n     * specified as\n     * {@code (x,y)} and whose width and height\n     * are specified by the arguments of the same name.\n     * @param     x the specified X coordinate\n     * @param     y the specified Y coordinate\n     * @param     width    the width of the {@code Rectangle}\n     * @param     height   the height of the {@code Rectangle}\n     * @since 1.0\n     */\n    public Rectangle(int x, int y, int width, int height) {\n        this.x \u003d x;\n        this.y \u003d y;\n        this.width \u003d width;\n        this.height \u003d height;\n    }\n\n    /**\n     * Constructs a new {@code Rectangle} whose upper-left corner\n     * is at (0,\u0026nbsp;0) in the coordinate space, and whose width and\n     * height are specified by the arguments of the same name.\n     * @param width the width of the {@code Rectangle}\n     * @param height the height of the {@code Rectangle}\n     */\n    public Rectangle(int width, int height) {\n        this(0, 0, width, height);\n    }\n\n    /**\n     * Constructs a new {@code Rectangle} whose upper-left corner is\n     * specified by the {@link Point} argument, and\n     * whose width and height are specified by the\n     * {@link Dimension} argument.\n     * @param p a {@code Point} that is the upper-left corner of\n     * the {@code Rectangle}\n     * @param d a {@code Dimension}, representing the\n     * width and height of the {@code Rectangle}\n     */\n    public Rectangle(Point p, Dimension d) {\n        this(p.x, p.y, d.width, d.height);\n    }\n\n    /**\n     * Constructs a new {@code Rectangle} whose upper-left corner is the\n     * specified {@code Point}, and whose width and height are both zero.\n     * @param p a {@code Point} that is the top left corner\n     * of the {@code Rectangle}\n     */\n    public Rectangle(Point p) {\n        this(p.x, p.y, 0, 0);\n    }\n\n    /**\n     * Constructs a new {@code Rectangle} whose top left corner is\n     * (0,\u0026nbsp;0) and whose width and height are specified\n     * by the {@code Dimension} argument.\n     * @param d a {@code Dimension}, specifying width and height\n     */\n    public Rectangle(Dimension d) {\n        this(0, 0, d.width, d.height);\n    }\n\n    /**\n     * Returns the X coordinate of the bounding {@code Rectangle} in\n     * {@code double} precision.\n     * @return the X coordinate of the bounding {@code Rectangle}.\n     */\n    public double getX() {\n        return x;\n    }\n\n    /**\n     * Returns the Y coordinate of the bounding {@code Rectangle} in\n     * {@code double} precision.\n     * @return the Y coordinate of the bounding {@code Rectangle}.\n     */\n    public double getY() {\n        return y;\n    }\n\n    /**\n     * Returns the width of the bounding {@code Rectangle} in\n     * {@code double} precision.\n     * @return the width of the bounding {@code Rectangle}.\n     */\n    public double getWidth() {\n        return width;\n    }\n\n    /**\n     * Returns the height of the bounding {@code Rectangle} in\n     * {@code double} precision.\n     * @return the height of the bounding {@code Rectangle}.\n     */\n    public double getHeight() {\n        return height;\n    }\n\n    /**\n     * Gets the bounding {@code Rectangle} of this {@code Rectangle}.\n     * \u003cp\u003e\n     * This method is included for completeness, to parallel the\n     * {@code getBounds} method of\n     * {@link Component}.\n     * @return    a new {@code Rectangle}, equal to the\n     * bounding {@code Rectangle} for this {@code Rectangle}.\n     * @see       java.awt.Component#getBounds\n     * @see       #setBounds(Rectangle)\n     * @see       #setBounds(int, int, int, int)\n     * @since     1.1\n     */\n    @Transient\n    public Rectangle getBounds() {\n        return new Rectangle(x, y, width, height);\n    }\n\n    /**\n     * {@inheritDoc}\n     * @since 1.2\n     */\n    public Rectangle2D getBounds2D() {\n        return new Rectangle(x, y, width, height);\n    }\n\n    /**\n     * Sets the bounding {@code Rectangle} of this {@code Rectangle}\n     * to match the specified {@code Rectangle}.\n     * \u003cp\u003e\n     * This method is included for completeness, to parallel the\n     * {@code setBounds} method of {@code Component}.\n     * @param r the specified {@code Rectangle}\n     * @see       #getBounds\n     * @see       java.awt.Component#setBounds(java.awt.Rectangle)\n     * @since     1.1\n     */\n    public void setBounds(Rectangle r) {\n        setBounds(r.x, r.y, r.width, r.height);\n    }\n\n    /**\n     * Sets the bounding {@code Rectangle} of this\n     * {@code Rectangle} to the specified\n     * {@code x}, {@code y}, {@code width},\n     * and {@code height}.\n     * \u003cp\u003e\n     * This method is included for completeness, to parallel the\n     * {@code setBounds} method of {@code Component}.\n     * @param x the new X coordinate for the upper-left\n     *                    corner of this {@code Rectangle}\n     * @param y the new Y coordinate for the upper-left\n     *                    corner of this {@code Rectangle}\n     * @param width the new width for this {@code Rectangle}\n     * @param height the new height for this {@code Rectangle}\n     * @see       #getBounds\n     * @see       java.awt.Component#setBounds(int, int, int, int)\n     * @since     1.1\n     */\n    public void setBounds(int x, int y, int width, int height) {\n        reshape(x, y, width, height);\n    }\n\n    /**\n     * Sets the bounds of this {@code Rectangle} to the integer bounds\n     * which encompass the specified {@code x}, {@code y}, {@code width},\n     * and {@code height}.\n     * If the parameters specify a {@code Rectangle} that exceeds the\n     * maximum range of integers, the result will be the best\n     * representation of the specified {@code Rectangle} intersected\n     * with the maximum integer bounds.\n     * @param x the X coordinate of the upper-left corner of\n     *                  the specified rectangle\n     * @param y the Y coordinate of the upper-left corner of\n     *                  the specified rectangle\n     * @param width the width of the specified rectangle\n     * @param height the new height of the specified rectangle\n     */\n    public void setRect(double x, double y, double width, double height) {\n        int newx, newy, neww, newh;\n\n        if (x \u003e 2.0 * Integer.MAX_VALUE) {\n            // Too far in positive X direction to represent...\n            // We cannot even reach the left side of the specified\n            // rectangle even with both x \u0026 width set to MAX_VALUE.\n            // The intersection with the \"maximal integer rectangle\"\n            // is non-existent so we should use a width \u003c 0.\n            // REMIND: Should we try to determine a more \"meaningful\"\n            // adjusted value for neww than just \"-1\"?\n            newx \u003d Integer.MAX_VALUE;\n            neww \u003d -1;\n        } else {\n            newx \u003d clip(x, false);\n            if (width \u003e\u003d 0) width +\u003d x-newx;\n            neww \u003d clip(width, width \u003e\u003d 0);\n        }\n\n        if (y \u003e 2.0 * Integer.MAX_VALUE) {\n            // Too far in positive Y direction to represent...\n            newy \u003d Integer.MAX_VALUE;\n            newh \u003d -1;\n        } else {\n            newy \u003d clip(y, false);\n            if (height \u003e\u003d 0) height +\u003d y-newy;\n            newh \u003d clip(height, height \u003e\u003d 0);\n        }\n\n        reshape(newx, newy, neww, newh);\n    }\n    // Return best integer representation for v, clipped to integer\n    // range and floor-ed or ceiling-ed, depending on the boolean.\n    private static int clip(double v, boolean doceil) {\n        if (v \u003c\u003d Integer.MIN_VALUE) {\n            return Integer.MIN_VALUE;\n        }\n        if (v \u003e\u003d Integer.MAX_VALUE) {\n            return Integer.MAX_VALUE;\n        }\n        return (int) (doceil ? Math.ceil(v) : Math.floor(v));\n    }\n\n    /**\n     * Sets the bounding {@code Rectangle} of this\n     * {@code Rectangle} to the specified\n     * {@code x}, {@code y}, {@code width},\n     * and {@code height}.\n     *\n     * @param x the new X coordinate for the upper-left\n     *                    corner of this {@code Rectangle}\n     * @param y the new Y coordinate for the upper-left\n     *                    corner of this {@code Rectangle}\n     * @param width the new width for this {@code Rectangle}\n     * @param height the new height for this {@code Rectangle}\n     * @deprecated As of JDK version 1.1,\n     * replaced by {@code setBounds(int, int, int, int)}.\n     */\n    @Deprecated\n    public void reshape(int x, int y, int width, int height) {\n        this.x \u003d x;\n        this.y \u003d y;\n        this.width \u003d width;\n        this.height \u003d height;\n    }\n\n    /**\n     * Returns the location of this {@code Rectangle}.\n     * \u003cp\u003e\n     * This method is included for completeness, to parallel the\n     * {@code getLocation} method of {@code Component}.\n     * @return the {@code Point} that is the upper-left corner of\n     *                  this {@code Rectangle}.\n     * @see       java.awt.Component#getLocation\n     * @see       #setLocation(Point)\n     * @see       #setLocation(int, int)\n     * @since     1.1\n     */\n    public Point getLocation() {\n        return new Point(x, y);\n    }\n\n    /**\n     * Moves this {@code Rectangle} to the specified location.\n     * \u003cp\u003e\n     * This method is included for completeness, to parallel the\n     * {@code setLocation} method of {@code Component}.\n     * @param p the {@code Point} specifying the new location\n     *                for this {@code Rectangle}\n     * @see       java.awt.Component#setLocation(java.awt.Point)\n     * @see       #getLocation\n     * @since     1.1\n     */\n    public void setLocation(Point p) {\n        setLocation(p.x, p.y);\n    }\n\n    /**\n     * Moves this {@code Rectangle} to the specified location.\n     * \u003cp\u003e\n     * This method is included for completeness, to parallel the\n     * {@code setLocation} method of {@code Component}.\n     * @param x the X coordinate of the new location\n     * @param y the Y coordinate of the new location\n     * @see       #getLocation\n     * @see       java.awt.Component#setLocation(int, int)\n     * @since     1.1\n     */\n    public void setLocation(int x, int y) {\n        move(x, y);\n    }\n\n    /**\n     * Moves this {@code Rectangle} to the specified location.\n     *\n     * @param x the X coordinate of the new location\n     * @param y the Y coordinate of the new location\n     * @deprecated As of JDK version 1.1,\n     * replaced by {@code setLocation(int, int)}.\n     */\n    @Deprecated\n    public void move(int x, int y) {\n        this.x \u003d x;\n        this.y \u003d y;\n    }\n\n    /**\n     * Translates this {@code Rectangle} the indicated distance,\n     * to the right along the X coordinate axis, and\n     * downward along the Y coordinate axis.\n     * @param dx the distance to move this {@code Rectangle}\n     *                 along the X axis\n     * @param dy the distance to move this {@code Rectangle}\n     *                 along the Y axis\n     * @see       java.awt.Rectangle#setLocation(int, int)\n     * @see       java.awt.Rectangle#setLocation(java.awt.Point)\n     */\n    public void translate(int dx, int dy) {\n        int oldv \u003d this.x;\n        int newv \u003d oldv + dx;\n        if (dx \u003c 0) {\n            // moving leftward\n            if (newv \u003e oldv) {\n                // negative overflow\n                // Only adjust width if it was valid (\u003e\u003d 0).\n                if (width \u003e\u003d 0) {\n                    // The right edge is now conceptually at\n                    // newv+width, but we may move newv to prevent\n                    // overflow.  But we want the right edge to\n                    // remain at its new location in spite of the\n                    // clipping.  Think of the following adjustment\n                    // conceptually the same as:\n                    // width +\u003d newv; newv \u003d MIN_VALUE; width -\u003d newv;\n                    width +\u003d newv - Integer.MIN_VALUE;\n                    // width may go negative if the right edge went past\n                    // MIN_VALUE, but it cannot overflow since it cannot\n                    // have moved more than MIN_VALUE and any non-negative\n                    // number + MIN_VALUE does not overflow.\n                }\n                newv \u003d Integer.MIN_VALUE;\n            }\n        } else {\n            // moving rightward (or staying still)\n            if (newv \u003c oldv) {\n                // positive overflow\n                if (width \u003e\u003d 0) {\n                    // Conceptually the same as:\n                    // width +\u003d newv; newv \u003d MAX_VALUE; width -\u003d newv;\n                    width +\u003d newv - Integer.MAX_VALUE;\n                    // With large widths and large displacements\n                    // we may overflow so we need to check it.\n                    if (width \u003c 0) width \u003d Integer.MAX_VALUE;\n                }\n                newv \u003d Integer.MAX_VALUE;\n            }\n        }\n        this.x \u003d newv;\n\n        oldv \u003d this.y;\n        newv \u003d oldv + dy;\n        if (dy \u003c 0) {\n            // moving upward\n            if (newv \u003e oldv) {\n                // negative overflow\n                if (height \u003e\u003d 0) {\n                    height +\u003d newv - Integer.MIN_VALUE;\n                    // See above comment about no overflow in this case\n                }\n                newv \u003d Integer.MIN_VALUE;\n            }\n        } else {\n            // moving downward (or staying still)\n            if (newv \u003c oldv) {\n                // positive overflow\n                if (height \u003e\u003d 0) {\n                    height +\u003d newv - Integer.MAX_VALUE;\n                    if (height \u003c 0) height \u003d Integer.MAX_VALUE;\n                }\n                newv \u003d Integer.MAX_VALUE;\n            }\n        }\n        this.y \u003d newv;\n    }\n\n    /**\n     * Gets the size of this {@code Rectangle}, represented by\n     * the returned {@code Dimension}.\n     * \u003cp\u003e\n     * This method is included for completeness, to parallel the\n     * {@code getSize} method of {@code Component}.\n     * @return a {@code Dimension}, representing the size of\n     *            this {@code Rectangle}.\n     * @see       java.awt.Component#getSize\n     * @see       #setSize(Dimension)\n     * @see       #setSize(int, int)\n     * @since     1.1\n     */\n    public Dimension getSize() {\n        return new Dimension(width, height);\n    }\n\n    /**\n     * Sets the size of this {@code Rectangle} to match the\n     * specified {@code Dimension}.\n     * \u003cp\u003e\n     * This method is included for completeness, to parallel the\n     * {@code setSize} method of {@code Component}.\n     * @param d the new size for the {@code Dimension} object\n     * @see       java.awt.Component#setSize(java.awt.Dimension)\n     * @see       #getSize\n     * @since     1.1\n     */\n    public void setSize(Dimension d) {\n        setSize(d.width, d.height);\n    }\n\n    /**\n     * Sets the size of this {@code Rectangle} to the specified\n     * width and height.\n     * \u003cp\u003e\n     * This method is included for completeness, to parallel the\n     * {@code setSize} method of {@code Component}.\n     * @param width the new width for this {@code Rectangle}\n     * @param height the new height for this {@code Rectangle}\n     * @see       java.awt.Component#setSize(int, int)\n     * @see       #getSize\n     * @since     1.1\n     */\n    public void setSize(int width, int height) {\n        resize(width, height);\n    }\n\n    /**\n     * Sets the size of this {@code Rectangle} to the specified\n     * width and height.\n     *\n     * @param width the new width for this {@code Rectangle}\n     * @param height the new height for this {@code Rectangle}\n     * @deprecated As of JDK version 1.1,\n     * replaced by {@code setSize(int, int)}.\n     */\n    @Deprecated\n    public void resize(int width, int height) {\n        this.width \u003d width;\n        this.height \u003d height;\n    }\n\n    /**\n     * Checks whether or not this {@code Rectangle} contains the\n     * specified {@code Point}.\n     * @param p the {@code Point} to test\n     * @return    {@code true} if the specified {@code Point}\n     *            is inside this {@code Rectangle};\n     *            {@code false} otherwise.\n     * @since     1.1\n     */\n    public boolean contains(Point p) {\n        return contains(p.x, p.y);\n    }\n\n    /**\n     * Checks whether or not this {@code Rectangle} contains the\n     * point at the specified location {@code (x,y)}.\n     *\n     * @param  x the specified X coordinate\n     * @param  y the specified Y coordinate\n     * @return    {@code true} if the point\n     *            {@code (x,y)} is inside this\n     *            {@code Rectangle};\n     *            {@code false} otherwise.\n     * @since     1.1\n     */\n    public boolean contains(int x, int y) {\n        return inside(x, y);\n    }\n\n    /**\n     * Checks whether or not this {@code Rectangle} entirely contains\n     * the specified {@code Rectangle}.\n     *\n     * @param     r   the specified {@code Rectangle}\n     * @return    {@code true} if the {@code Rectangle}\n     *            is contained entirely inside this {@code Rectangle};\n     *            {@code false} otherwise\n     * @since     1.2\n     */\n    public boolean contains(Rectangle r) {\n        return contains(r.x, r.y, r.width, r.height);\n    }\n\n    /**\n     * Checks whether this {@code Rectangle} entirely contains\n     * the {@code Rectangle}\n     * at the specified location {@code (X,Y)} with the\n     * specified dimensions {@code (W,H)}.\n     * @param     X the specified X coordinate\n     * @param     Y the specified Y coordinate\n     * @param     W   the width of the {@code Rectangle}\n     * @param     H   the height of the {@code Rectangle}\n     * @return    {@code true} if the {@code Rectangle} specified by\n     *            {@code (X, Y, W, H)}\n     *            is entirely enclosed inside this {@code Rectangle};\n     *            {@code false} otherwise.\n     * @since     1.1\n     */\n    public boolean contains(int X, int Y, int W, int H) {\n        int w \u003d this.width;\n        int h \u003d this.height;\n        if ((w | h | W | H) \u003c 0) {\n            // At least one of the dimensions is negative...\n            return false;\n        }\n        // Note: if any dimension is zero, tests below must return false...\n        int x \u003d this.x;\n        int y \u003d this.y;\n        if (X \u003c x || Y \u003c y) {\n            return false;\n        }\n        w +\u003d x;\n        W +\u003d X;\n        if (W \u003c\u003d X) {\n            // X+W overflowed or W was zero, return false if...\n            // either original w or W was zero or\n            // x+w did not overflow or\n            // the overflowed x+w is smaller than the overflowed X+W\n            if (w \u003e\u003d x || W \u003e w) return false;\n        } else {\n            // X+W did not overflow and W was not zero, return false if...\n            // original w was zero or\n            // x+w did not overflow and x+w is smaller than X+W\n            if (w \u003e\u003d x \u0026\u0026 W \u003e w) return false;\n        }\n        h +\u003d y;\n        H +\u003d Y;\n        if (H \u003c\u003d Y) {\n            if (h \u003e\u003d y || H \u003e h) return false;\n        } else {\n            if (h \u003e\u003d y \u0026\u0026 H \u003e h) return false;\n        }\n        return true;\n    }\n\n    /**\n     * Checks whether or not this {@code Rectangle} contains the\n     * point at the specified location {@code (X,Y)}.\n     *\n     * @param  X the specified X coordinate\n     * @param  Y the specified Y coordinate\n     * @return    {@code true} if the point\n     *            {@code (X,Y)} is inside this\n     *            {@code Rectangle};\n     *            {@code false} otherwise.\n     * @deprecated As of JDK version 1.1,\n     * replaced by {@code contains(int, int)}.\n     */\n    @Deprecated\n    public boolean inside(int X, int Y) {\n        int w \u003d this.width;\n        int h \u003d this.height;\n        if ((w | h) \u003c 0) {\n            // At least one of the dimensions is negative...\n            return false;\n        }\n        // Note: if either dimension is zero, tests below must return false...\n        int x \u003d this.x;\n        int y \u003d this.y;\n        if (X \u003c x || Y \u003c y) {\n            return false;\n        }\n        w +\u003d x;\n        h +\u003d y;\n        //    overflow || intersect\n        return ((w \u003c x || w \u003e X) \u0026\u0026\n                (h \u003c y || h \u003e Y));\n    }\n\n    /**\n     * Determines whether or not this {@code Rectangle} and the specified\n     * {@code Rectangle} intersect. Two rectangles intersect if\n     * their intersection is nonempty.\n     *\n     * @param r the specified {@code Rectangle}\n     * @return    {@code true} if the specified {@code Rectangle}\n     *            and this {@code Rectangle} intersect;\n     *            {@code false} otherwise.\n     */\n    public boolean intersects(Rectangle r) {\n        int tw \u003d this.width;\n        int th \u003d this.height;\n        int rw \u003d r.width;\n        int rh \u003d r.height;\n        if (rw \u003c\u003d 0 || rh \u003c\u003d 0 || tw \u003c\u003d 0 || th \u003c\u003d 0) {\n            return false;\n        }\n        int tx \u003d this.x;\n        int ty \u003d this.y;\n        int rx \u003d r.x;\n        int ry \u003d r.y;\n        rw +\u003d rx;\n        rh +\u003d ry;\n        tw +\u003d tx;\n        th +\u003d ty;\n        //      overflow || intersect\n        return ((rw \u003c rx || rw \u003e tx) \u0026\u0026\n                (rh \u003c ry || rh \u003e ty) \u0026\u0026\n                (tw \u003c tx || tw \u003e rx) \u0026\u0026\n                (th \u003c ty || th \u003e ry));\n    }\n\n    /**\n     * Computes the intersection of this {@code Rectangle} with the\n     * specified {@code Rectangle}. Returns a new {@code Rectangle}\n     * that represents the intersection of the two rectangles.\n     * If the two rectangles do not intersect, the result will be\n     * an empty rectangle.\n     *\n     * @param     r   the specified {@code Rectangle}\n     * @return    the largest {@code Rectangle} contained in both the\n     *            specified {@code Rectangle} and in\n     *            this {@code Rectangle}; or if the rectangles\n     *            do not intersect, an empty rectangle.\n     */\n    public Rectangle intersection(Rectangle r) {\n        int tx1 \u003d this.x;\n        int ty1 \u003d this.y;\n        int rx1 \u003d r.x;\n        int ry1 \u003d r.y;\n        long tx2 \u003d tx1; tx2 +\u003d this.width;\n        long ty2 \u003d ty1; ty2 +\u003d this.height;\n        long rx2 \u003d rx1; rx2 +\u003d r.width;\n        long ry2 \u003d ry1; ry2 +\u003d r.height;\n        if (tx1 \u003c rx1) tx1 \u003d rx1;\n        if (ty1 \u003c ry1) ty1 \u003d ry1;\n        if (tx2 \u003e rx2) tx2 \u003d rx2;\n        if (ty2 \u003e ry2) ty2 \u003d ry2;\n        tx2 -\u003d tx1;\n        ty2 -\u003d ty1;\n        // tx2,ty2 will never overflow (they will never be\n        // larger than the smallest of the two source w,h)\n        // they might underflow, though...\n        if (tx2 \u003c Integer.MIN_VALUE) tx2 \u003d Integer.MIN_VALUE;\n        if (ty2 \u003c Integer.MIN_VALUE) ty2 \u003d Integer.MIN_VALUE;\n        return new Rectangle(tx1, ty1, (int) tx2, (int) ty2);\n    }\n\n    /**\n     * Computes the union of this {@code Rectangle} with the\n     * specified {@code Rectangle}. Returns a new\n     * {@code Rectangle} that\n     * represents the union of the two rectangles.\n     * \u003cp\u003e\n     * If either {@code Rectangle} has any dimension less than zero\n     * the rules for \u003ca href\u003d#NonExistent\u003enon-existent\u003c/a\u003e rectangles\n     * apply.\n     * If only one has a dimension less than zero, then the result\n     * will be a copy of the other {@code Rectangle}.\n     * If both have dimension less than zero, then the result will\n     * have at least one dimension less than zero.\n     * \u003cp\u003e\n     * If the resulting {@code Rectangle} would have a dimension\n     * too large to be expressed as an {@code int}, the result\n     * will have a dimension of {@code Integer.MAX_VALUE} along\n     * that dimension.\n     * @param r the specified {@code Rectangle}\n     * @return    the smallest {@code Rectangle} containing both\n     *            the specified {@code Rectangle} and this\n     *            {@code Rectangle}.\n     */\n    public Rectangle union(Rectangle r) {\n        long tx2 \u003d this.width;\n        long ty2 \u003d this.height;\n        if ((tx2 | ty2) \u003c 0) {\n            // This rectangle has negative dimensions...\n            // If r has non-negative dimensions then it is the answer.\n            // If r is non-existent (has a negative dimension), then both\n            // are non-existent and we can return any non-existent rectangle\n            // as an answer.  Thus, returning r meets that criterion.\n            // Either way, r is our answer.\n            return new Rectangle(r);\n        }\n        long rx2 \u003d r.width;\n        long ry2 \u003d r.height;\n        if ((rx2 | ry2) \u003c 0) {\n            return new Rectangle(this);\n        }\n        int tx1 \u003d this.x;\n        int ty1 \u003d this.y;\n        tx2 +\u003d tx1;\n        ty2 +\u003d ty1;\n        int rx1 \u003d r.x;\n        int ry1 \u003d r.y;\n        rx2 +\u003d rx1;\n        ry2 +\u003d ry1;\n        if (tx1 \u003e rx1) tx1 \u003d rx1;\n        if (ty1 \u003e ry1) ty1 \u003d ry1;\n        if (tx2 \u003c rx2) tx2 \u003d rx2;\n        if (ty2 \u003c ry2) ty2 \u003d ry2;\n        tx2 -\u003d tx1;\n        ty2 -\u003d ty1;\n        // tx2,ty2 will never underflow since both original rectangles\n        // were already proven to be non-empty\n        // they might overflow, though...\n        if (tx2 \u003e Integer.MAX_VALUE) tx2 \u003d Integer.MAX_VALUE;\n        if (ty2 \u003e Integer.MAX_VALUE) ty2 \u003d Integer.MAX_VALUE;\n        return new Rectangle(tx1, ty1, (int) tx2, (int) ty2);\n    }\n\n    /**\n     * Adds a point, specified by the integer arguments {@code newx,newy}\n     * to the bounds of this {@code Rectangle}.\n     * \u003cp\u003e\n     * If this {@code Rectangle} has any dimension less than zero,\n     * the rules for \u003ca href\u003d#NonExistent\u003enon-existent\u003c/a\u003e\n     * rectangles apply.\n     * In that case, the new bounds of this {@code Rectangle} will\n     * have a location equal to the specified coordinates and\n     * width and height equal to zero.\n     * \u003cp\u003e\n     * After adding a point, a call to {@code contains} with the\n     * added point as an argument does not necessarily return\n     * {@code true}. The {@code contains} method does not\n     * return {@code true} for points on the right or bottom\n     * edges of a {@code Rectangle}. Therefore, if the added point\n     * falls on the right or bottom edge of the enlarged\n     * {@code Rectangle}, {@code contains} returns\n     * {@code false} for that point.\n     * If the specified point must be contained within the new\n     * {@code Rectangle}, a 1x1 rectangle should be added instead:\n     * \u003cpre\u003e\n     *     r.add(new Rectangle(newx, newy, 1, 1));\n     * \u003c/pre\u003e\n     * @param newx the X coordinate of the new point\n     * @param newy the Y coordinate of the new point\n     */\n    public void add(int newx, int newy) {\n        if ((width | height) \u003c 0) {\n            this.x \u003d newx;\n            this.y \u003d newy;\n            this.width \u003d this.height \u003d 0;\n            return;\n        }\n        int x1 \u003d this.x;\n        int y1 \u003d this.y;\n        long x2 \u003d this.width;\n        long y2 \u003d this.height;\n        x2 +\u003d x1;\n        y2 +\u003d y1;\n        if (x1 \u003e newx) x1 \u003d newx;\n        if (y1 \u003e newy) y1 \u003d newy;\n        if (x2 \u003c newx) x2 \u003d newx;\n        if (y2 \u003c newy) y2 \u003d newy;\n        x2 -\u003d x1;\n        y2 -\u003d y1;\n        if (x2 \u003e Integer.MAX_VALUE) x2 \u003d Integer.MAX_VALUE;\n        if (y2 \u003e Integer.MAX_VALUE) y2 \u003d Integer.MAX_VALUE;\n        reshape(x1, y1, (int) x2, (int) y2);\n    }\n\n    /**\n     * Adds the specified {@code Point} to the bounds of this\n     * {@code Rectangle}.\n     * \u003cp\u003e\n     * If this {@code Rectangle} has any dimension less than zero,\n     * the rules for \u003ca href\u003d#NonExistent\u003enon-existent\u003c/a\u003e\n     * rectangles apply.\n     * In that case, the new bounds of this {@code Rectangle} will\n     * have a location equal to the coordinates of the specified\n     * {@code Point} and width and height equal to zero.\n     * \u003cp\u003e\n     * After adding a {@code Point}, a call to {@code contains}\n     * with the added {@code Point} as an argument does not\n     * necessarily return {@code true}. The {@code contains}\n     * method does not return {@code true} for points on the right\n     * or bottom edges of a {@code Rectangle}. Therefore if the added\n     * {@code Point} falls on the right or bottom edge of the\n     * enlarged {@code Rectangle}, {@code contains} returns\n     * {@code false} for that {@code Point}.\n     * If the specified point must be contained within the new\n     * {@code Rectangle}, a 1x1 rectangle should be added instead:\n     * \u003cpre\u003e\n     *     r.add(new Rectangle(pt, new Dimension(1, 1)));\n     * \u003c/pre\u003e\n     * @param pt the new {@code Point} to add to this\n     *           {@code Rectangle}\n     */\n    public void add(Point pt) {\n        add(pt.x, pt.y);\n    }\n\n    /**\n     * Adds a {@code Rectangle} to this {@code Rectangle}.\n     * The resulting {@code Rectangle} is the union of the two\n     * rectangles.\n     * \u003cp\u003e\n     * If either {@code Rectangle} has any dimension less than 0, the\n     * result will have the dimensions of the other {@code Rectangle}.\n     * If both {@code Rectangle}s have at least one dimension less\n     * than 0, the result will have at least one dimension less than 0.\n     * \u003cp\u003e\n     * If either {@code Rectangle} has one or both dimensions equal\n     * to 0, the result along those axes with 0 dimensions will be\n     * equivalent to the results obtained by adding the corresponding\n     * origin coordinate to the result rectangle along that axis,\n     * similar to the operation of the {@link #add(Point)} method,\n     * but contribute no further dimension beyond that.\n     * \u003cp\u003e\n     * If the resulting {@code Rectangle} would have a dimension\n     * too large to be expressed as an {@code int}, the result\n     * will have a dimension of {@code Integer.MAX_VALUE} along\n     * that dimension.\n     * @param  r the specified {@code Rectangle}\n     */\n    public void add(Rectangle r) {\n        long tx2 \u003d this.width;\n        long ty2 \u003d this.height;\n        if ((tx2 | ty2) \u003c 0) {\n            reshape(r.x, r.y, r.width, r.height);\n        }\n        long rx2 \u003d r.width;\n        long ry2 \u003d r.height;\n        if ((rx2 | ry2) \u003c 0) {\n            return;\n        }\n        int tx1 \u003d this.x;\n        int ty1 \u003d this.y;\n        tx2 +\u003d tx1;\n        ty2 +\u003d ty1;\n        int rx1 \u003d r.x;\n        int ry1 \u003d r.y;\n        rx2 +\u003d rx1;\n        ry2 +\u003d ry1;\n        if (tx1 \u003e rx1) tx1 \u003d rx1;\n        if (ty1 \u003e ry1) ty1 \u003d ry1;\n        if (tx2 \u003c rx2) tx2 \u003d rx2;\n        if (ty2 \u003c ry2) ty2 \u003d ry2;\n        tx2 -\u003d tx1;\n        ty2 -\u003d ty1;\n        // tx2,ty2 will never underflow since both original\n        // rectangles were non-empty\n        // they might overflow, though...\n        if (tx2 \u003e Integer.MAX_VALUE) tx2 \u003d Integer.MAX_VALUE;\n        if (ty2 \u003e Integer.MAX_VALUE) ty2 \u003d Integer.MAX_VALUE;\n        reshape(tx1, ty1, (int) tx2, (int) ty2);\n    }\n\n    /**\n     * Resizes the {@code Rectangle} both horizontally and vertically.\n     * \u003cp\u003e\n     * This method modifies the {@code Rectangle} so that it is\n     * {@code h} units larger on both the left and right side,\n     * and {@code v} units larger at both the top and bottom.\n     * \u003cp\u003e\n     * The new {@code Rectangle} has {@code (x - h, y - v)}\n     * as its upper-left corner,\n     * width of {@code (width + 2h)},\n     * and a height of {@code (height + 2v)}.\n     * \u003cp\u003e\n     * If negative values are supplied for {@code h} and\n     * {@code v}, the size of the {@code Rectangle}\n     * decreases accordingly.\n     * The {@code grow} method will check for integer overflow\n     * and underflow, but does not check whether the resulting\n     * values of {@code width} and {@code height} grow\n     * from negative to non-negative or shrink from non-negative\n     * to negative.\n     * @param h the horizontal expansion\n     * @param v the vertical expansion\n     */\n    public void grow(int h, int v) {\n        long x0 \u003d this.x;\n        long y0 \u003d this.y;\n        long x1 \u003d this.width;\n        long y1 \u003d this.height;\n        x1 +\u003d x0;\n        y1 +\u003d y0;\n\n        x0 -\u003d h;\n        y0 -\u003d v;\n        x1 +\u003d h;\n        y1 +\u003d v;\n\n        if (x1 \u003c x0) {\n            // Non-existent in X direction\n            // Final width must remain negative so subtract x0 before\n            // it is clipped so that we avoid the risk that the clipping\n            // of x0 will reverse the ordering of x0 and x1.\n            x1 -\u003d x0;\n            if (x1 \u003c Integer.MIN_VALUE) x1 \u003d Integer.MIN_VALUE;\n            if (x0 \u003c Integer.MIN_VALUE) x0 \u003d Integer.MIN_VALUE;\n            else if (x0 \u003e Integer.MAX_VALUE) x0 \u003d Integer.MAX_VALUE;\n        } else { // (x1 \u003e\u003d x0)\n            // Clip x0 before we subtract it from x1 in case the clipping\n            // affects the representable area of the rectangle.\n            if (x0 \u003c Integer.MIN_VALUE) x0 \u003d Integer.MIN_VALUE;\n            else if (x0 \u003e Integer.MAX_VALUE) x0 \u003d Integer.MAX_VALUE;\n            x1 -\u003d x0;\n            // The only way x1 can be negative now is if we clipped\n            // x0 against MIN and x1 is less than MIN - in which case\n            // we want to leave the width negative since the result\n            // did not intersect the representable area.\n            if (x1 \u003c Integer.MIN_VALUE) x1 \u003d Integer.MIN_VALUE;\n            else if (x1 \u003e Integer.MAX_VALUE) x1 \u003d Integer.MAX_VALUE;\n        }\n\n        if (y1 \u003c y0) {\n            // Non-existent in Y direction\n            y1 -\u003d y0;\n            if (y1 \u003c Integer.MIN_VALUE) y1 \u003d Integer.MIN_VALUE;\n            if (y0 \u003c Integer.MIN_VALUE) y0 \u003d Integer.MIN_VALUE;\n            else if (y0 \u003e Integer.MAX_VALUE) y0 \u003d Integer.MAX_VALUE;\n        } else { // (y1 \u003e\u003d y0)\n            if (y0 \u003c Integer.MIN_VALUE) y0 \u003d Integer.MIN_VALUE;\n            else if (y0 \u003e Integer.MAX_VALUE) y0 \u003d Integer.MAX_VALUE;\n            y1 -\u003d y0;\n            if (y1 \u003c Integer.MIN_VALUE) y1 \u003d Integer.MIN_VALUE;\n            else if (y1 \u003e Integer.MAX_VALUE) y1 \u003d Integer.MAX_VALUE;\n        }\n\n        reshape((int) x0, (int) y0, (int) x1, (int) y1);\n    }\n\n    /**\n     * {@inheritDoc}\n     * @since 1.2\n     */\n    public boolean isEmpty() {\n        return (width \u003c\u003d 0) || (height \u003c\u003d 0);\n    }\n\n    /**\n     * {@inheritDoc}\n     * @since 1.2\n     */\n    public int outcode(double x, double y) {\n        /*\n         * Note on casts to double below.  If the arithmetic of\n         * x+w or y+h is done in int, then we may get integer\n         * overflow. By converting to double before the addition\n         * we force the addition to be carried out in double to\n         * avoid overflow in the comparison.\n         *\n         * See bug 4320890 for problems that this can cause.\n         */\n        int out \u003d 0;\n        if (this.width \u003c\u003d 0) {\n            out |\u003d OUT_LEFT | OUT_RIGHT;\n        } else if (x \u003c this.x) {\n            out |\u003d OUT_LEFT;\n        } else if (x \u003e this.x + (double) this.width) {\n            out |\u003d OUT_RIGHT;\n        }\n        if (this.height \u003c\u003d 0) {\n            out |\u003d OUT_TOP | OUT_BOTTOM;\n        } else if (y \u003c this.y) {\n            out |\u003d OUT_TOP;\n        } else if (y \u003e this.y + (double) this.height) {\n            out |\u003d OUT_BOTTOM;\n        }\n        return out;\n    }\n\n    /**\n     * {@inheritDoc}\n     * @since 1.2\n     */\n    public Rectangle2D createIntersection(Rectangle2D r) {\n        if (r instanceof Rectangle) {\n            return intersection((Rectangle) r);\n        }\n        Rectangle2D dest \u003d new Rectangle2D.Double();\n        Rectangle2D.intersect(this, r, dest);\n        return dest;\n    }\n\n    /**\n     * {@inheritDoc}\n     * @since 1.2\n     */\n    public Rectangle2D createUnion(Rectangle2D r) {\n        if (r instanceof Rectangle) {\n            return union((Rectangle) r);\n        }\n        Rectangle2D dest \u003d new Rectangle2D.Double();\n        Rectangle2D.union(this, r, dest);\n        return dest;\n    }\n\n    /**\n     * Checks whether two rectangles are equal.\n     * \u003cp\u003e\n     * The result is {@code true} if and only if the argument is not\n     * {@code null} and is a {@code Rectangle} object that has the\n     * same upper-left corner, width, and height as\n     * this {@code Rectangle}.\n     * @param obj the {@code Object} to compare with\n     *                this {@code Rectangle}\n     * @return    {@code true} if the objects are equal;\n     *            {@code false} otherwise.\n     */\n    public boolean equals(Object obj) {\n        if (obj instanceof Rectangle) {\n            Rectangle r \u003d (Rectangle)obj;\n            return ((x \u003d\u003d r.x) \u0026\u0026\n                    (y \u003d\u003d r.y) \u0026\u0026\n                    (width \u003d\u003d r.width) \u0026\u0026\n                    (height \u003d\u003d r.height));\n        }\n        return super.equals(obj);\n    }\n\n    /**\n     * Returns a {@code String} representing this\n     * {@code Rectangle} and its values.\n     * @return a {@code String} representing this\n     *               {@code Rectangle} object\u0027s coordinate and size values.\n     */\n    public String toString() {\n        return getClass().getName() + \"[x\u003d\" + x + \",y\u003d\" + y + \",width\u003d\" + width + \",height\u003d\" + height + \"]\";\n    }\n}\n"
    }
  }
}
java.lang.RuntimeException: java.lang.reflect.InvocationTargetException
	at org.eclipse.lsp4j.jsonrpc.services.GenericEndpoint.lambda$null$0(GenericEndpoint.java:67)
	at org.eclipse.lsp4j.jsonrpc.services.GenericEndpoint.notify(GenericEndpoint.java:152)
	at org.eclipse.lsp4j.jsonrpc.RemoteEndpoint.handleNotification(RemoteEndpoint.java:220)
	at org.eclipse.lsp4j.jsonrpc.RemoteEndpoint.consume(RemoteEndpoint.java:187)
	at org.eclipse.lsp4j.jsonrpc.json.StreamMessageProducer.handleMessage(StreamMessageProducer.java:194)
	at org.eclipse.lsp4j.jsonrpc.json.StreamMessageProducer.listen(StreamMessageProducer.java:94)
	at org.eclipse.lsp4j.jsonrpc.json.ConcurrentMessageProcessor.run(ConcurrentMessageProcessor.java:113)
	at java.base/java.util.concurrent.Executors$RunnableAdapter.call(Executors.java:572)
	at java.base/java.util.concurrent.FutureTask.run(FutureTask.java:317)
	at java.base/java.util.concurrent.ThreadPoolExecutor.runWorker(ThreadPoolExecutor.java:1144)
	at java.base/java.util.concurrent.ThreadPoolExecutor$Worker.run(ThreadPoolExecutor.java:642)
	at java.base/java.lang.Thread.run(Thread.java:1583)
Caused by: java.lang.reflect.InvocationTargetException
	at java.base/jdk.internal.reflect.DirectMethodHandleAccessor.invoke(DirectMethodHandleAccessor.java:118)
	at java.base/java.lang.reflect.Method.invoke(Method.java:580)
	at org.eclipse.lsp4j.jsonrpc.services.GenericEndpoint.lambda$null$0(GenericEndpoint.java:65)
	... 11 more
Caused by: java.lang.IllegalArgumentException: Illegal character in opaque part at index 22: jar:file:///C:/Program Files/Java/jdk-21/lib/src.zip!/java.desktop/java/awt/Rectangle.java
	at java.base/java.net.URI.create(URI.java:932)
	at scala.meta.internal.mtags.MtagsEnrichments$XtensionStringMtags.toAbsolutePath(MtagsEnrichments.scala:177)
	at scala.meta.internal.mtags.MtagsEnrichments$XtensionStringMtags.$anonfun$toAbsolutePath$3(MtagsEnrichments.scala:174)
	at scala.meta.internal.mtags.MtagsEnrichments$XtensionStringMtags.withTryDecode$1(MtagsEnrichments.scala:153)
	at scala.meta.internal.mtags.MtagsEnrichments$XtensionStringMtags.toAbsolutePath(MtagsEnrichments.scala:174)
	at scala.meta.internal.metals.MetalsEnrichments$XtensionString.toAbsolutePath(MetalsEnrichments.scala:732)
	at scala.meta.internal.metals.MetalsEnrichments$XtensionString.toAbsolutePath(MetalsEnrichments.scala:729)
	at scala.meta.internal.metals.WorkspaceLspService.didOpen(WorkspaceLspService.scala:339)
	at scala.meta.metals.lsp.DelegatingScalaService.didOpen(DelegatingScalaService.scala:39)
	at java.base/jdk.internal.reflect.DirectMethodHandleAccessor.invoke(DirectMethodHandleAccessor.java:103)
	... 13 more
Caused by: java.net.URISyntaxException: Illegal character in opaque part at index 22: jar:file:///C:/Program Files/Java/jdk-21/lib/src.zip!/java.desktop/java/awt/Rectangle.java
	at java.base/java.net.URI$Parser.fail(URI.java:2995)
	at java.base/java.net.URI$Parser.checkChars(URI.java:3166)
	at java.base/java.net.URI$Parser.parse(URI.java:3202)
	at java.base/java.net.URI.<init>(URI.java:645)
	at java.base/java.net.URI.create(URI.java:930)
	... 22 more

mai 16, 2024 3:34:33 PM org.eclipse.lsp4j.jsonrpc.RemoteEndpoint handleNotification
WARNING: Notification threw an exception: {
  "jsonrpc": "2.0",
  "method": "textDocument/didClose",
  "params": {
    "textDocument": {
      "uri": "jar:file%3A///C%3A/Program%20Files/Java/jdk-21/lib/src.zip%21/java.desktop/java/awt/Rectangle.java"
    }
  }
}
java.lang.RuntimeException: java.lang.reflect.InvocationTargetException
	at org.eclipse.lsp4j.jsonrpc.services.GenericEndpoint.lambda$null$0(GenericEndpoint.java:67)
	at org.eclipse.lsp4j.jsonrpc.services.GenericEndpoint.notify(GenericEndpoint.java:152)
	at org.eclipse.lsp4j.jsonrpc.RemoteEndpoint.handleNotification(RemoteEndpoint.java:220)
	at org.eclipse.lsp4j.jsonrpc.RemoteEndpoint.consume(RemoteEndpoint.java:187)
	at org.eclipse.lsp4j.jsonrpc.json.StreamMessageProducer.handleMessage(StreamMessageProducer.java:194)
	at org.eclipse.lsp4j.jsonrpc.json.StreamMessageProducer.listen(StreamMessageProducer.java:94)
	at org.eclipse.lsp4j.jsonrpc.json.ConcurrentMessageProcessor.run(ConcurrentMessageProcessor.java:113)
	at java.base/java.util.concurrent.Executors$RunnableAdapter.call(Executors.java:572)
	at java.base/java.util.concurrent.FutureTask.run(FutureTask.java:317)
	at java.base/java.util.concurrent.ThreadPoolExecutor.runWorker(ThreadPoolExecutor.java:1144)
	at java.base/java.util.concurrent.ThreadPoolExecutor$Worker.run(ThreadPoolExecutor.java:642)
	at java.base/java.lang.Thread.run(Thread.java:1583)
Caused by: java.lang.reflect.InvocationTargetException
	at java.base/jdk.internal.reflect.DirectMethodHandleAccessor.invoke(DirectMethodHandleAccessor.java:118)
	at java.base/java.lang.reflect.Method.invoke(Method.java:580)
	at org.eclipse.lsp4j.jsonrpc.services.GenericEndpoint.lambda$null$0(GenericEndpoint.java:65)
	... 11 more
Caused by: java.lang.IllegalArgumentException: Illegal character in opaque part at index 22: jar:file:///C:/Program Files/Java/jdk-21/lib/src.zip!/java.desktop/java/awt/Rectangle.java
	at java.base/java.net.URI.create(URI.java:932)
	at scala.meta.internal.mtags.MtagsEnrichments$XtensionStringMtags.toAbsolutePath(MtagsEnrichments.scala:177)
	at scala.meta.internal.mtags.MtagsEnrichments$XtensionStringMtags.$anonfun$toAbsolutePath$3(MtagsEnrichments.scala:174)
	at scala.meta.internal.mtags.MtagsEnrichments$XtensionStringMtags.withTryDecode$1(MtagsEnrichments.scala:153)
	at scala.meta.internal.mtags.MtagsEnrichments$XtensionStringMtags.toAbsolutePath(MtagsEnrichments.scala:174)
	at scala.meta.internal.metals.MetalsEnrichments$XtensionString.toAbsolutePath(MetalsEnrichments.scala:732)
	at scala.meta.internal.metals.MetalsEnrichments$XtensionString.toAbsolutePath(MetalsEnrichments.scala:729)
	at scala.meta.internal.metals.WorkspaceLspService.didClose(WorkspaceLspService.scala:358)
	at scala.meta.metals.lsp.DelegatingScalaService.didClose(DelegatingScalaService.scala:53)
	at java.base/jdk.internal.reflect.DirectMethodHandleAccessor.invoke(DirectMethodHandleAccessor.java:103)
	... 13 more
Caused by: java.net.URISyntaxException: Illegal character in opaque part at index 22: jar:file:///C:/Program Files/Java/jdk-21/lib/src.zip!/java.desktop/java/awt/Rectangle.java
	at java.base/java.net.URI$Parser.fail(URI.java:2995)
	at java.base/java.net.URI$Parser.checkChars(URI.java:3166)
	at java.base/java.net.URI$Parser.parse(URI.java:3202)
	at java.base/java.net.URI.<init>(URI.java:645)
	at java.base/java.net.URI.create(URI.java:930)
	... 22 more

2024.05.16 15:34:33 INFO  time: compiled tp4 in 0.93s
mai 16, 2024 3:34:34 PM org.eclipse.lsp4j.jsonrpc.RemoteEndpoint handleCancellation
WARNING: Unmatched cancel notification for request id 957
mai 16, 2024 3:34:34 PM org.eclipse.lsp4j.jsonrpc.RemoteEndpoint handleCancellation
WARNING: Unmatched cancel notification for request id 958
mai 16, 2024 3:34:34 PM org.eclipse.lsp4j.jsonrpc.RemoteEndpoint handleCancellation
WARNING: Unmatched cancel notification for request id 961
mai 16, 2024 3:34:34 PM org.eclipse.lsp4j.jsonrpc.RemoteEndpoint handleCancellation
WARNING: Unmatched cancel notification for request id 959
mai 16, 2024 3:34:41 PM org.eclipse.lsp4j.jsonrpc.RemoteEndpoint handleCancellation
WARNING: Unmatched cancel notification for request id 974
mai 16, 2024 3:34:41 PM org.eclipse.lsp4j.jsonrpc.RemoteEndpoint handleCancellation
WARNING: Unmatched cancel notification for request id 975
2024.05.16 15:34:46 INFO  compiling tp4 (1 scala source)
mai 16, 2024 3:34:47 PM org.eclipse.lsp4j.jsonrpc.RemoteEndpoint handleCancellation
WARNING: Unmatched cancel notification for request id 1003
2024.05.16 15:34:46 INFO  time: compiled tp4 in 0.66s
mai 16, 2024 3:34:55 PM org.eclipse.lsp4j.jsonrpc.RemoteEndpoint handleCancellation
WARNING: Unmatched cancel notification for request id 1052
2024.05.16 15:34:55 WARN  Could not load snapshot text for C:\Users\ewanr\Documents\Informatique\Exercices\Projets\PRO2\tp4\src\main\scala\quadtrees.scala
2024.05.16 15:34:55 WARN  Could not load snapshot text for C:\Users\ewanr\Documents\Informatique\Exercices\Projets\PRO2\tp4\src\main\scala\quadtrees.scala
2024.05.16 15:34:55 WARN  Could not load snapshot text for C:\Users\ewanr\Documents\Informatique\Exercices\Projets\PRO2\tp4\src\main\scala\quadtrees.scala
2024.05.16 15:34:55 WARN  Could not load snapshot text for C:\Users\ewanr\Documents\Informatique\Exercices\Projets\PRO2\tp4\src\main\scala\quadtrees.scala
2024.05.16 15:34:55 INFO  compiling tp4 (1 scala source)
2024.05.16 15:34:55 WARN  Could not load snapshot text for C:\Users\ewanr\Documents\Informatique\Exercices\Projets\PRO2\tp4\src\main\scala\quadtrees.scala
2024.05.16 15:34:55 WARN  Could not load snapshot text for C:\Users\ewanr\Documents\Informatique\Exercices\Projets\PRO2\tp4\src\main\scala\quadtrees.scala
2024.05.16 15:34:55 WARN  Could not load snapshot text for C:\Users\ewanr\Documents\Informatique\Exercices\Projets\PRO2\tp4\src\main\scala\quadtrees.scala
2024.05.16 15:34:55 WARN  Could not load snapshot text for C:\Users\ewanr\Documents\Informatique\Exercices\Projets\PRO2\tp4\src\main\scala\quadtrees.scala
2024.05.16 15:34:55 WARN  Could not load snapshot text for C:\Users\ewanr\Documents\Informatique\Exercices\Projets\PRO2\tp4\src\main\scala\quadtrees.scala
2024.05.16 15:34:55 WARN  Could not load snapshot text for C:\Users\ewanr\Documents\Informatique\Exercices\Projets\PRO2\tp4\src\main\scala\quadtrees.scala
mai 16, 2024 3:34:56 PM org.eclipse.lsp4j.jsonrpc.RemoteEndpoint handleCancellation
WARNING: Unmatched cancel notification for request id 1059
2024.05.16 15:34:55 INFO  time: compiled tp4 in 0.53s
mai 16, 2024 3:34:58 PM org.eclipse.lsp4j.jsonrpc.RemoteEndpoint handleCancellation
WARNING: Unmatched cancel notification for request id 1075
2024.05.16 15:35:00 INFO  compiling tp4 (1 scala source)
2024.05.16 15:35:00 INFO  time: compiled tp4 in 0.61s
mai 16, 2024 3:35:10 PM org.eclipse.lsp4j.jsonrpc.RemoteEndpoint handleCancellation
WARNING: Unmatched cancel notification for request id 1125
2024.05.16 15:35:15 ERROR Failed to tokenize input for semantic tokens for C:\Users\ewanr\Documents\Informatique\Exercices\Projets\PRO2\tp4\src\main\scala\quadtrees.scala
scala.meta.tokenizers.TokenizeException: <input>:112: error: unclosed character literal
        case KeyPressed(KeyAscii('')) => {
                                 ^
	at scala.meta.internal.tokenizers.Reporter.syntaxError(Reporter.scala:23)
	at scala.meta.internal.tokenizers.Reporter.syntaxError$(Reporter.scala:23)
	at scala.meta.internal.tokenizers.Reporter$$anon$1.syntaxError(Reporter.scala:33)
	at scala.meta.internal.tokenizers.Reporter.syntaxError(Reporter.scala:25)
	at scala.meta.internal.tokenizers.Reporter.syntaxError$(Reporter.scala:25)
	at scala.meta.internal.tokenizers.Reporter$$anon$1.syntaxError(Reporter.scala:33)
	at scala.meta.internal.tokenizers.LegacyScanner.fetchSingleQuote$1(LegacyScanner.scala:414)
	at scala.meta.internal.tokenizers.LegacyScanner.fetchToken(LegacyScanner.scala:419)
	at scala.meta.internal.tokenizers.LegacyScanner.nextToken(LegacyScanner.scala:214)
	at scala.meta.internal.tokenizers.LegacyScanner.foreach(LegacyScanner.scala:982)
	at scala.meta.internal.tokenizers.ScalametaTokenizer.uncachedTokenize(ScalametaTokenizer.scala:23)
	at scala.meta.internal.tokenizers.ScalametaTokenizer.$anonfun$tokenize$1(ScalametaTokenizer.scala:16)
	at scala.collection.concurrent.TrieMap.getOrElseUpdate(TrieMap.scala:960)
	at scala.meta.internal.tokenizers.ScalametaTokenizer.tokenize(ScalametaTokenizer.scala:16)
	at scala.meta.internal.tokenizers.ScalametaTokenizer$$anon$2.apply(ScalametaTokenizer.scala:331)
	at scala.meta.tokenizers.Api$XtensionTokenizeDialectInput.tokenize(Api.scala:25)
	at scala.meta.tokenizers.Api$XtensionTokenizeInputLike.tokenize(Api.scala:14)
	at scala.meta.internal.metals.SemanticTokensProvider$.getTokens(SemanticTokensProvider.scala:28)
	at scala.meta.internal.metals.SemanticTokensProvider$.provide(SemanticTokensProvider.scala:89)
	at scala.meta.internal.metals.Compilers.$anonfun$semanticTokens$3(Compilers.scala:597)
	at scala.concurrent.impl.Promise$Transformation.run(Promise.scala:467)
	at java.util.concurrent.ThreadPoolExecutor.runWorker(ThreadPoolExecutor.java:1144)
	at java.util.concurrent.ThreadPoolExecutor$Worker.run(ThreadPoolExecutor.java:642)
	at java.lang.Thread.run(Thread.java:1583)

2024.05.16 15:35:32 INFO  compiling tp4 (1 scala source)
2024.05.16 15:35:32 INFO  time: compiled tp4 in 0.49s
2024.05.16 15:35:43 INFO  compiling tp4 (1 scala source)
2024.05.16 15:35:43 INFO  time: compiled tp4 in 0.49s
mai 16, 2024 3:35:47 PM org.eclipse.lsp4j.jsonrpc.RemoteEndpoint handleCancellation
WARNING: Unmatched cancel notification for request id 1315
2024.05.16 15:36:01 WARN  Could not load snapshot text for C:\Users\ewanr\Documents\Informatique\Exercices\Projets\PRO2\tp4\src\main\scala\quadtrees.scala
2024.05.16 15:36:01 INFO  compiling tp4 (1 scala source)
2024.05.16 15:36:01 INFO  time: compiled tp4 in 0.54s
2024.05.16 15:36:17 INFO  compiling tp4 (1 scala source)
2024.05.16 15:36:17 INFO  time: compiled tp4 in 0.48s
2024.05.16 15:36:33 INFO  compiling tp4 (1 scala source)
2024.05.16 15:36:33 INFO  time: compiled tp4 in 0.39s
2024.05.16 15:36:34 INFO  compiling tp4 (1 scala source)
2024.05.16 15:36:34 INFO  time: compiled tp4 in 0.56s
mai 16, 2024 3:36:47 PM org.eclipse.lsp4j.jsonrpc.RemoteEndpoint handleCancellation
WARNING: Unmatched cancel notification for request id 1501
2024.05.16 15:36:50 WARN  Could not load snapshot text for C:\Users\ewanr\Documents\Informatique\Exercices\Projets\PRO2\tp4\src\main\scala\quadtrees.scala
2024.05.16 15:36:50 INFO  compiling tp4 (1 scala source)
mai 16, 2024 3:36:50 PM org.eclipse.lsp4j.jsonrpc.RemoteEndpoint handleCancellation
WARNING: Unmatched cancel notification for request id 1532
2024.05.16 15:36:50 INFO  time: compiled tp4 in 0.49s
mai 16, 2024 3:37:13 PM org.eclipse.lsp4j.jsonrpc.RemoteEndpoint handleCancellation
WARNING: Unmatched cancel notification for request id 1579
2024.05.16 15:37:14 INFO  compiling tp4 (1 scala source)
2024.05.16 15:37:14 INFO  time: compiled tp4 in 0.42s
mai 16, 2024 3:37:15 PM org.eclipse.lsp4j.jsonrpc.RemoteEndpoint handleCancellation
WARNING: Unmatched cancel notification for request id 1591
mai 16, 2024 3:37:20 PM org.eclipse.lsp4j.jsonrpc.RemoteEndpoint handleCancellation
WARNING: Unmatched cancel notification for request id 1607
mai 16, 2024 3:39:25 PM org.eclipse.lsp4j.jsonrpc.RemoteEndpoint handleCancellation
WARNING: Unmatched cancel notification for request id 1663
2024.05.16 15:39:35 INFO  compiling tp4 (1 scala source)
2024.05.16 15:39:35 INFO  time: compiled tp4 in 0.99s
2024.05.16 15:39:40 INFO  compiling tp4 (1 scala source)
2024.05.16 15:39:40 INFO  time: compiled tp4 in 0.58s
mai 16, 2024 3:39:50 PM org.eclipse.lsp4j.jsonrpc.RemoteEndpoint handleCancellation
WARNING: Unmatched cancel notification for request id 1828
2024.05.16 15:39:53 INFO  compiling tp4 (1 scala source)
2024.05.16 15:39:53 INFO  time: compiled tp4 in 0.72s
2024.05.16 15:39:57 INFO  compiling tp4 (1 scala source)
2024.05.16 15:39:57 INFO  time: compiled tp4 in 0.45s
2024.05.16 15:40:01 ERROR Failed to tokenize input for semantic tokens for C:\Users\ewanr\Documents\Informatique\Exercices\Projets\PRO2\tp4\src\main\scala\quadtrees.scala
scala.meta.tokenizers.TokenizeException: <input>:113: error: unclosed character literal
      case KeyPressed(KeyAscii('')) => {
                               ^
	at scala.meta.internal.tokenizers.Reporter.syntaxError(Reporter.scala:23)
	at scala.meta.internal.tokenizers.Reporter.syntaxError$(Reporter.scala:23)
	at scala.meta.internal.tokenizers.Reporter$$anon$1.syntaxError(Reporter.scala:33)
	at scala.meta.internal.tokenizers.Reporter.syntaxError(Reporter.scala:25)
	at scala.meta.internal.tokenizers.Reporter.syntaxError$(Reporter.scala:25)
	at scala.meta.internal.tokenizers.Reporter$$anon$1.syntaxError(Reporter.scala:33)
	at scala.meta.internal.tokenizers.LegacyScanner.fetchSingleQuote$1(LegacyScanner.scala:414)
	at scala.meta.internal.tokenizers.LegacyScanner.fetchToken(LegacyScanner.scala:419)
	at scala.meta.internal.tokenizers.LegacyScanner.nextToken(LegacyScanner.scala:214)
	at scala.meta.internal.tokenizers.LegacyScanner.foreach(LegacyScanner.scala:982)
	at scala.meta.internal.tokenizers.ScalametaTokenizer.uncachedTokenize(ScalametaTokenizer.scala:23)
	at scala.meta.internal.tokenizers.ScalametaTokenizer.$anonfun$tokenize$1(ScalametaTokenizer.scala:16)
	at scala.collection.concurrent.TrieMap.getOrElseUpdate(TrieMap.scala:960)
	at scala.meta.internal.tokenizers.ScalametaTokenizer.tokenize(ScalametaTokenizer.scala:16)
	at scala.meta.internal.tokenizers.ScalametaTokenizer$$anon$2.apply(ScalametaTokenizer.scala:331)
	at scala.meta.tokenizers.Api$XtensionTokenizeDialectInput.tokenize(Api.scala:25)
	at scala.meta.tokenizers.Api$XtensionTokenizeInputLike.tokenize(Api.scala:14)
	at scala.meta.internal.metals.SemanticTokensProvider$.getTokens(SemanticTokensProvider.scala:28)
	at scala.meta.internal.metals.SemanticTokensProvider$.provide(SemanticTokensProvider.scala:89)
	at scala.meta.internal.metals.Compilers.$anonfun$semanticTokens$3(Compilers.scala:597)
	at scala.concurrent.impl.Promise$Transformation.run(Promise.scala:467)
	at java.util.concurrent.ThreadPoolExecutor.runWorker(ThreadPoolExecutor.java:1144)
	at java.util.concurrent.ThreadPoolExecutor$Worker.run(ThreadPoolExecutor.java:642)
	at java.lang.Thread.run(Thread.java:1583)

2024.05.16 15:40:02 INFO  compiling tp4 (1 scala source)
2024.05.16 15:40:02 INFO  time: compiled tp4 in 0.43s
2024.05.16 15:40:09 INFO  compiling tp4 (1 scala source)
2024.05.16 15:40:09 INFO  time: compiled tp4 in 0.36s
2024.05.16 15:40:14 INFO  compiling tp4 (1 scala source)
2024.05.16 15:40:14 INFO  time: compiled tp4 in 0.51s
2024.05.16 15:41:18 INFO  compiling tp4 (1 scala source)
2024.05.16 15:41:18 INFO  time: compiled tp4 in 0.52s
2024.05.16 15:41:19 ERROR Failed to tokenize input for semantic tokens for C:\Users\ewanr\Documents\Informatique\Exercices\Projets\PRO2\tp4\src\main\scala\quadtrees.scala
scala.meta.tokenizers.TokenizeException: <input>:113: error: unclosed character literal
      case KeyPressed(KeyAscii('')) => {
                               ^
	at scala.meta.internal.tokenizers.Reporter.syntaxError(Reporter.scala:23)
	at scala.meta.internal.tokenizers.Reporter.syntaxError$(Reporter.scala:23)
	at scala.meta.internal.tokenizers.Reporter$$anon$1.syntaxError(Reporter.scala:33)
	at scala.meta.internal.tokenizers.Reporter.syntaxError(Reporter.scala:25)
	at scala.meta.internal.tokenizers.Reporter.syntaxError$(Reporter.scala:25)
	at scala.meta.internal.tokenizers.Reporter$$anon$1.syntaxError(Reporter.scala:33)
	at scala.meta.internal.tokenizers.LegacyScanner.fetchSingleQuote$1(LegacyScanner.scala:414)
	at scala.meta.internal.tokenizers.LegacyScanner.fetchToken(LegacyScanner.scala:419)
	at scala.meta.internal.tokenizers.LegacyScanner.nextToken(LegacyScanner.scala:214)
	at scala.meta.internal.tokenizers.LegacyScanner.foreach(LegacyScanner.scala:982)
	at scala.meta.internal.tokenizers.ScalametaTokenizer.uncachedTokenize(ScalametaTokenizer.scala:23)
	at scala.meta.internal.tokenizers.ScalametaTokenizer.$anonfun$tokenize$1(ScalametaTokenizer.scala:16)
	at scala.collection.concurrent.TrieMap.getOrElseUpdate(TrieMap.scala:960)
	at scala.meta.internal.tokenizers.ScalametaTokenizer.tokenize(ScalametaTokenizer.scala:16)
	at scala.meta.internal.tokenizers.ScalametaTokenizer$$anon$2.apply(ScalametaTokenizer.scala:331)
	at scala.meta.tokenizers.Api$XtensionTokenizeDialectInput.tokenize(Api.scala:25)
	at scala.meta.tokenizers.Api$XtensionTokenizeInputLike.tokenize(Api.scala:14)
	at scala.meta.internal.metals.SemanticTokensProvider$.getTokens(SemanticTokensProvider.scala:28)
	at scala.meta.internal.metals.SemanticTokensProvider$.provide(SemanticTokensProvider.scala:89)
	at scala.meta.internal.metals.Compilers.$anonfun$semanticTokens$3(Compilers.scala:597)
	at scala.concurrent.impl.Promise$Transformation.run(Promise.scala:467)
	at java.util.concurrent.ThreadPoolExecutor.runWorker(ThreadPoolExecutor.java:1144)
	at java.util.concurrent.ThreadPoolExecutor$Worker.run(ThreadPoolExecutor.java:642)
	at java.lang.Thread.run(Thread.java:1583)

2024.05.16 15:41:31 INFO  compiling tp4 (1 scala source)
mai 16, 2024 3:41:31 PM org.eclipse.lsp4j.jsonrpc.RemoteEndpoint handleCancellation
WARNING: Unmatched cancel notification for request id 2213
2024.05.16 15:41:31 INFO  time: compiled tp4 in 0.58s
2024.05.16 15:41:43 INFO  compiling tp4 (1 scala source)
2024.05.16 15:41:43 INFO  time: compiled tp4 in 0.47s
2024.05.16 15:42:15 INFO  compiling tp4 (1 scala source)
2024.05.16 15:42:15 INFO  time: compiled tp4 in 0.45s
2024.05.16 15:42:27 ERROR Failed to tokenize input for semantic tokens for C:\Users\ewanr\Documents\Informatique\Exercices\Projets\PRO2\tp4\src\main\scala\quadtrees.scala
scala.meta.tokenizers.TokenizeException: <input>:85: error: Invalid literal number, followed by identifier character
    State(DEFAULT_QUADTREE, 512false, false)
                                ^
	at scala.meta.internal.tokenizers.Reporter.syntaxError(Reporter.scala:23)
	at scala.meta.internal.tokenizers.Reporter.syntaxError$(Reporter.scala:23)
	at scala.meta.internal.tokenizers.Reporter$$anon$1.syntaxError(Reporter.scala:33)
	at scala.meta.internal.tokenizers.Reporter.syntaxError(Reporter.scala:25)
	at scala.meta.internal.tokenizers.Reporter.syntaxError$(Reporter.scala:25)
	at scala.meta.internal.tokenizers.Reporter$$anon$1.syntaxError(Reporter.scala:33)
	at scala.meta.internal.tokenizers.LegacyScanner.checkNoLetter(LegacyScanner.scala:834)
	at scala.meta.internal.tokenizers.LegacyScanner.setFractionDone(LegacyScanner.scala:828)
	at scala.meta.internal.tokenizers.LegacyScanner.getNumber(LegacyScanner.scala:864)
	at scala.meta.internal.tokenizers.LegacyScanner.fetchToken(LegacyScanner.scala:342)
	at scala.meta.internal.tokenizers.LegacyScanner.nextToken(LegacyScanner.scala:214)
	at scala.meta.internal.tokenizers.LegacyScanner.foreach(LegacyScanner.scala:982)
	at scala.meta.internal.tokenizers.ScalametaTokenizer.uncachedTokenize(ScalametaTokenizer.scala:23)
	at scala.meta.internal.tokenizers.ScalametaTokenizer.$anonfun$tokenize$1(ScalametaTokenizer.scala:16)
	at scala.collection.concurrent.TrieMap.getOrElseUpdate(TrieMap.scala:960)
	at scala.meta.internal.tokenizers.ScalametaTokenizer.tokenize(ScalametaTokenizer.scala:16)
	at scala.meta.internal.tokenizers.ScalametaTokenizer$$anon$2.apply(ScalametaTokenizer.scala:331)
	at scala.meta.tokenizers.Api$XtensionTokenizeDialectInput.tokenize(Api.scala:25)
	at scala.meta.tokenizers.Api$XtensionTokenizeInputLike.tokenize(Api.scala:14)
	at scala.meta.internal.metals.SemanticTokensProvider$.getTokens(SemanticTokensProvider.scala:28)
	at scala.meta.internal.metals.SemanticTokensProvider$.provide(SemanticTokensProvider.scala:89)
	at scala.meta.internal.metals.Compilers.$anonfun$semanticTokens$3(Compilers.scala:597)
	at scala.concurrent.impl.Promise$Transformation.run(Promise.scala:467)
	at java.util.concurrent.ThreadPoolExecutor.runWorker(ThreadPoolExecutor.java:1144)
	at java.util.concurrent.ThreadPoolExecutor$Worker.run(ThreadPoolExecutor.java:642)
	at java.lang.Thread.run(Thread.java:1583)

2024.05.16 15:42:28 INFO  compiling tp4 (1 scala source)
2024.05.16 15:42:28 INFO  time: compiled tp4 in 0.34s
2024.05.16 15:42:44 INFO  compiling tp4 (1 scala source)
2024.05.16 15:42:44 INFO  time: compiled tp4 in 0.4s
2024.05.16 15:42:51 INFO  compiling tp4 (1 scala source)
2024.05.16 15:42:51 INFO  time: compiled tp4 in 0.48s
2024.05.16 15:43:02 INFO  compiling tp4 (1 scala source)
2024.05.16 15:43:02 INFO  time: compiled tp4 in 0.42s
mai 16, 2024 3:43:07 PM org.eclipse.lsp4j.jsonrpc.RemoteEndpoint handleCancellation
WARNING: Unmatched cancel notification for request id 2713
2024.05.16 15:43:15 INFO  compiling tp4 (1 scala source)
2024.05.16 15:43:15 INFO  time: compiled tp4 in 0.38s
2024.05.16 15:43:21 ERROR Failed to tokenize input for semantic tokens for C:\Users\ewanr\Documents\Informatique\Exercices\Projets\PRO2\tp4\src\main\scala\quadtrees.scala
scala.meta.tokenizers.TokenizeException: <input>:41: error: unclosed comment
  /**
  ^
	at scala.meta.internal.tokenizers.Reporter.incompleteInputError(Reporter.scala:27)
	at scala.meta.internal.tokenizers.Reporter.incompleteInputError$(Reporter.scala:26)
	at scala.meta.internal.tokenizers.Reporter$$anon$1.incompleteInputError(Reporter.scala:33)
	at scala.meta.internal.tokenizers.Reporter.incompleteInputError(Reporter.scala:29)
	at scala.meta.internal.tokenizers.Reporter.incompleteInputError$(Reporter.scala:29)
	at scala.meta.internal.tokenizers.Reporter$$anon$1.incompleteInputError(Reporter.scala:33)
	at scala.meta.internal.tokenizers.LegacyScanner.skipNestedComments(LegacyScanner.scala:55)
	at scala.meta.internal.tokenizers.LegacyScanner.skipToCommentEnd(LegacyScanner.scala:73)
	at scala.meta.internal.tokenizers.LegacyScanner.fetchToken(LegacyScanner.scala:316)
	at scala.meta.internal.tokenizers.LegacyScanner.nextToken(LegacyScanner.scala:214)
	at scala.meta.internal.tokenizers.LegacyScanner.foreach(LegacyScanner.scala:982)
	at scala.meta.internal.tokenizers.ScalametaTokenizer.uncachedTokenize(ScalametaTokenizer.scala:23)
	at scala.meta.internal.tokenizers.ScalametaTokenizer.$anonfun$tokenize$1(ScalametaTokenizer.scala:16)
	at scala.collection.concurrent.TrieMap.getOrElseUpdate(TrieMap.scala:960)
	at scala.meta.internal.tokenizers.ScalametaTokenizer.tokenize(ScalametaTokenizer.scala:16)
	at scala.meta.internal.tokenizers.ScalametaTokenizer$$anon$2.apply(ScalametaTokenizer.scala:331)
	at scala.meta.tokenizers.Api$XtensionTokenizeDialectInput.tokenize(Api.scala:25)
	at scala.meta.tokenizers.Api$XtensionTokenizeInputLike.tokenize(Api.scala:14)
	at scala.meta.internal.metals.SemanticTokensProvider$.getTokens(SemanticTokensProvider.scala:28)
	at scala.meta.internal.metals.SemanticTokensProvider$.provide(SemanticTokensProvider.scala:89)
	at scala.meta.internal.metals.Compilers.$anonfun$semanticTokens$3(Compilers.scala:597)
	at scala.concurrent.impl.Promise$Transformation.run(Promise.scala:467)
	at java.util.concurrent.ThreadPoolExecutor.runWorker(ThreadPoolExecutor.java:1144)
	at java.util.concurrent.ThreadPoolExecutor$Worker.run(ThreadPoolExecutor.java:642)
	at java.lang.Thread.run(Thread.java:1583)

mai 16, 2024 3:43:55 PM org.eclipse.lsp4j.jsonrpc.RemoteEndpoint handleCancellation
WARNING: Unmatched cancel notification for request id 2924
mai 16, 2024 3:44:00 PM org.eclipse.lsp4j.jsonrpc.RemoteEndpoint handleCancellation
WARNING: Unmatched cancel notification for request id 2951
2024.05.16 15:44:49 INFO  compiling tp4 (1 scala source)
2024.05.16 15:44:49 INFO  time: compiled tp4 in 0.39s
2024.05.16 15:45:11 INFO  compiling tp4 (1 scala source)
2024.05.16 15:45:11 INFO  time: compiled tp4 in 0.38s
2024.05.16 15:45:12 INFO  compiling tp4 (1 scala source)
2024.05.16 15:45:12 INFO  time: compiled tp4 in 0.4s
mai 16, 2024 3:45:15 PM org.eclipse.lsp4j.jsonrpc.RemoteEndpoint handleCancellation
WARNING: Unmatched cancel notification for request id 3359
2024.05.16 15:45:17 INFO  compiling tp4 (1 scala source)
2024.05.16 15:45:17 INFO  time: compiled tp4 in 0.37s
mai 16, 2024 3:45:17 PM org.eclipse.lsp4j.jsonrpc.RemoteEndpoint handleCancellation
WARNING: Unmatched cancel notification for request id 3373
2024.05.16 15:46:00 INFO  compiling tp4 (1 scala source)
2024.05.16 15:46:00 INFO  time: compiled tp4 in 0.35s
2024.05.16 15:46:03 ERROR Failed to tokenize input for semantic tokens for C:\Users\ewanr\Documents\Informatique\Exercices\Projets\PRO2\tp4\src\main\scala\quadtrees.scala
scala.meta.tokenizers.TokenizeException: <input>:122: error: Invalid literal number, followed by identifier character
        State(s.quadtree, math.min(1s.length / 2, s.show_grid, s.stop)
                                    ^
	at scala.meta.internal.tokenizers.Reporter.syntaxError(Reporter.scala:23)
	at scala.meta.internal.tokenizers.Reporter.syntaxError$(Reporter.scala:23)
	at scala.meta.internal.tokenizers.Reporter$$anon$1.syntaxError(Reporter.scala:33)
	at scala.meta.internal.tokenizers.Reporter.syntaxError(Reporter.scala:25)
	at scala.meta.internal.tokenizers.Reporter.syntaxError$(Reporter.scala:25)
	at scala.meta.internal.tokenizers.Reporter$$anon$1.syntaxError(Reporter.scala:33)
	at scala.meta.internal.tokenizers.LegacyScanner.checkNoLetter(LegacyScanner.scala:834)
	at scala.meta.internal.tokenizers.LegacyScanner.setNumberInteger$1(LegacyScanner.scala:857)
	at scala.meta.internal.tokenizers.LegacyScanner.getNumber(LegacyScanner.scala:875)
	at scala.meta.internal.tokenizers.LegacyScanner.fetchToken(LegacyScanner.scala:342)
	at scala.meta.internal.tokenizers.LegacyScanner.nextToken(LegacyScanner.scala:214)
	at scala.meta.internal.tokenizers.LegacyScanner.foreach(LegacyScanner.scala:982)
	at scala.meta.internal.tokenizers.ScalametaTokenizer.uncachedTokenize(ScalametaTokenizer.scala:23)
	at scala.meta.internal.tokenizers.ScalametaTokenizer.$anonfun$tokenize$1(ScalametaTokenizer.scala:16)
	at scala.collection.concurrent.TrieMap.getOrElseUpdate(TrieMap.scala:960)
	at scala.meta.internal.tokenizers.ScalametaTokenizer.tokenize(ScalametaTokenizer.scala:16)
	at scala.meta.internal.tokenizers.ScalametaTokenizer$$anon$2.apply(ScalametaTokenizer.scala:331)
	at scala.meta.tokenizers.Api$XtensionTokenizeDialectInput.tokenize(Api.scala:25)
	at scala.meta.tokenizers.Api$XtensionTokenizeInputLike.tokenize(Api.scala:14)
	at scala.meta.internal.metals.SemanticTokensProvider$.getTokens(SemanticTokensProvider.scala:28)
	at scala.meta.internal.metals.SemanticTokensProvider$.provide(SemanticTokensProvider.scala:89)
	at scala.meta.internal.metals.Compilers.$anonfun$semanticTokens$3(Compilers.scala:597)
	at scala.concurrent.impl.Promise$Transformation.run(Promise.scala:467)
	at java.util.concurrent.ThreadPoolExecutor.runWorker(ThreadPoolExecutor.java:1144)
	at java.util.concurrent.ThreadPoolExecutor$Worker.run(ThreadPoolExecutor.java:642)
	at java.lang.Thread.run(Thread.java:1583)

2024.05.16 15:46:06 INFO  compiling tp4 (1 scala source)
2024.05.16 15:46:06 WARN  Could not load snapshot text for C:\Users\ewanr\Documents\Informatique\Exercices\Projets\PRO2\tp4\src\main\scala\quadtrees.scala
2024.05.16 15:46:06 INFO  time: compiled tp4 in 0.44s
mai 16, 2024 3:46:07 PM org.eclipse.lsp4j.jsonrpc.RemoteEndpoint handleCancellation
WARNING: Unmatched cancel notification for request id 3543
2024.05.16 15:46:22 INFO  Deduplicating compilation of tp4 from bsp client 'Metals 1.3.0' (since 16m 27.814s)
2024.05.16 15:46:22 INFO  compiling tp4 (1 scala source)
2024.05.16 15:46:22 INFO  compiling tp4 (1 scala source)
mai 16, 2024 3:46:22 PM org.eclipse.lsp4j.jsonrpc.RemoteEndpoint handleCancellation
WARNING: Unmatched cancel notification for request id 3592
2024.05.16 15:46:22 INFO  time: compiled tp4 in 0.43s
mai 16, 2024 3:46:32 PM org.eclipse.lsp4j.jsonrpc.RemoteEndpoint handleCancellation
WARNING: Unmatched cancel notification for request id 3610
mai 16, 2024 3:46:35 PM org.eclipse.lsp4j.jsonrpc.RemoteEndpoint handleCancellation
WARNING: Unmatched cancel notification for request id 3626
2024.05.16 15:47:34 INFO  compiling tp4 (1 scala source)
2024.05.16 15:47:34 INFO  time: compiled tp4 in 0.45s
mai 16, 2024 3:47:42 PM org.eclipse.lsp4j.jsonrpc.RemoteEndpoint handleCancellation
WARNING: Unmatched cancel notification for request id 3738
2024.05.16 15:47:44 INFO  compiling tp4 (1 scala source)
2024.05.16 15:47:44 INFO  time: compiled tp4 in 0.38s
2024.05.16 15:47:48 INFO  compiling tp4 (1 scala source)
2024.05.16 15:47:48 INFO  time: compiled tp4 in 0.13s
mai 16, 2024 3:47:59 PM org.eclipse.lsp4j.jsonrpc.RemoteEndpoint handleCancellation
WARNING: Unmatched cancel notification for request id 3855
2024.05.16 15:48:08 WARN  Using indexes to guess the definition of WIDTH
2024.05.16 15:48:08 WARN  Using indexes to guess the definition of HEIGHT
2024.05.16 15:48:08 WARN  Using indexes to guess the definition of HEIGHT
2024.05.16 15:48:20 INFO  compiling tp4 (1 scala source)
2024.05.16 15:48:20 INFO  time: compiled tp4 in 0.1s
2024.05.16 15:48:26 INFO  compiling tp4 (1 scala source)
2024.05.16 15:48:26 INFO  time: compiled tp4 in 0.15s
2024.05.16 15:48:47 INFO  compiling tp4 (1 scala source)
2024.05.16 15:48:47 INFO  time: compiled tp4 in 0.34s
2024.05.16 15:48:50 INFO  compiling tp4 (1 scala source)
2024.05.16 15:48:50 INFO  time: compiled tp4 in 0.37s
mai 16, 2024 3:48:51 PM org.eclipse.lsp4j.jsonrpc.RemoteEndpoint handleCancellation
WARNING: Unmatched cancel notification for request id 4140
2024.05.16 15:49:25 INFO  compiling tp4 (1 scala source)
2024.05.16 15:49:25 INFO  Deduplicating compilation of tp4 from bsp client 'Metals 1.3.0' (since 19m 30.637s)
2024.05.16 15:49:25 INFO  compiling tp4 (1 scala source)
mai 16, 2024 3:49:25 PM org.eclipse.lsp4j.jsonrpc.RemoteEndpoint handleCancellation
WARNING: Unmatched cancel notification for request id 4174
2024.05.16 15:49:25 INFO  time: compiled tp4 in 0.41s
mai 16, 2024 3:53:12 PM org.eclipse.lsp4j.jsonrpc.RemoteEndpoint handleCancellation
WARNING: Unmatched cancel notification for request id 4200
mai 16, 2024 3:54:09 PM org.eclipse.lsp4j.jsonrpc.RemoteEndpoint handleCancellation
WARNING: Unmatched cancel notification for request id 4215
mai 16, 2024 3:54:19 PM org.eclipse.lsp4j.jsonrpc.RemoteEndpoint handleCancellation
WARNING: Unmatched cancel notification for request id 4234
mai 16, 2024 3:54:41 PM org.eclipse.lsp4j.jsonrpc.RemoteEndpoint handleCancellation
WARNING: Unmatched cancel notification for request id 4243
mai 16, 2024 4:11:00 PM org.eclipse.lsp4j.jsonrpc.RemoteEndpoint handleCancellation
WARNING: Unmatched cancel notification for request id 4311
2024.05.16 16:11:03 INFO  compiling tp4-test (1 scala source)
2024.05.16 16:11:03 INFO  time: compiled tp4-test in 0.28s
2024.05.16 16:11:23 INFO  compiling tp4 (1 scala source)
2024.05.16 16:11:23 INFO  time: compiled tp4 in 0.36s
2024.05.16 16:12:35 INFO  compiling tp4 (1 scala source)
2024.05.16 16:12:35 INFO  time: compiled tp4 in 0.47s
2024.05.16 16:12:46 INFO  Shutting down server
2024.05.16 16:12:46 INFO  shutting down Metals
2024.05.16 16:12:46 INFO  Shut down connection with build server.
2024.05.16 16:12:46 INFO  Shut down connection with build server.
2024.05.16 16:12:46 INFO  Shut down connection with build server.
2024.05.16 16:12:46 INFO  Exiting server
